[    0.000000] Initializing cgroup subsys cpuset
[    0.000000] Initializing cgroup subsys cpu
[    0.000000] Initializing cgroup subsys cpuacct
[    0.000000] Linux version 4.4.0-201-generic (buildd@lgw01-amd64-044) (gcc version 5.4.0 20160609 (Ubuntu 5.4.0-6ubuntu1~16.04.12) ) #233-Ubuntu SMP Thu Jan 14 06:10:28 UTC 2021 (Ubuntu 4.4.0-201.233-generic 4.4.247)
[    0.000000] Command line: BOOT_IMAGE=/boot/vmlinuz-4.4.0-201-generic root=LABEL=cloudimg-rootfs ro console=tty1 console=ttyS0
[    0.000000] KERNEL supported cpus:
[    0.000000]   Intel GenuineIntel
[    0.000000]   AMD AuthenticAMD
[    0.000000]   Centaur CentaurHauls
[    0.000000] x86/fpu: xstate_offset[2]:  576, xstate_sizes[2]:  256
[    0.000000] x86/fpu: Supporting XSAVE feature 0x01: 'x87 floating point registers'
[    0.000000] x86/fpu: Supporting XSAVE feature 0x02: 'SSE registers'
[    0.000000] x86/fpu: Supporting XSAVE feature 0x04: 'AVX registers'
[    0.000000] x86/fpu: Enabled xstate features 0x7, context size is 832 bytes, using 'standard' format.
[    0.000000] e820: BIOS-provided physical RAM map:
[    0.000000] BIOS-e820: [mem 0x0000000000000000-0x000000000009fbff] usable
[    0.000000] BIOS-e820: [mem 0x000000000009fc00-0x000000000009ffff] reserved
[    0.000000] BIOS-e820: [mem 0x00000000000f0000-0x00000000000fffff] reserved
[    0.000000] BIOS-e820: [mem 0x0000000000100000-0x000000003ffeffff] usable
[    0.000000] BIOS-e820: [mem 0x000000003fff0000-0x000000003fffffff] ACPI data
[    0.000000] BIOS-e820: [mem 0x00000000fec00000-0x00000000fec00fff] reserved
[    0.000000] BIOS-e820: [mem 0x00000000fee00000-0x00000000fee00fff] reserved
[    0.000000] BIOS-e820: [mem 0x00000000fffc0000-0x00000000ffffffff] reserved
[    0.000000] NX (Execute Disable) protection: active
[    0.000000] SMBIOS 2.5 present.
[    0.000000] Hypervisor detected: KVM
[    0.000000] e820: last_pfn = 0x3fff0 max_arch_pfn = 0x400000000
[    0.000000] MTRR: Disabled
[    0.000000] x86/PAT: MTRRs disabled, skipping PAT initialization too.
[    0.000000] CPU MTRRs all blank - virtualized system.
[    0.000000] x86/PAT: Configuration [0-7]: WB  WT  UC- UC  WB  WT  UC- UC  
[    0.000000] found SMP MP-table at [mem 0x0009fff0-0x0009ffff] mapped at [ffff88000009fff0]
[    0.000000] Scanning 1 areas for low memory corruption
[    0.000000] RAMDISK: [mem 0x362dc000-0x37165fff]
[    0.000000] ACPI: Early table checksum verification disabled
[    0.000000] ACPI: RSDP 0x00000000000E0000 000024 (v02 VBOX  )
[    0.000000] ACPI: XSDT 0x000000003FFF0030 00003C (v01 VBOX   VBOXXSDT 00000001 ASL  00000061)
[    0.000000] ACPI: FACP 0x000000003FFF00F0 0000F4 (v04 VBOX   VBOXFACP 00000001 ASL  00000061)
[    0.000000] ACPI: DSDT 0x000000003FFF0470 002325 (v02 VBOX   VBOXBIOS 00000002 INTL 20210105)
[    0.000000] ACPI: FACS 0x000000003FFF0200 000040
[    0.000000] ACPI: FACS 0x000000003FFF0200 000040
[    0.000000] ACPI: APIC 0x000000003FFF0240 00005C (v02 VBOX   VBOXAPIC 00000001 ASL  00000061)
[    0.000000] ACPI: SSDT 0x000000003FFF02A0 0001CC (v01 VBOX   VBOXCPUT 00000002 INTL 20210105)
[    0.000000] No NUMA configuration found
[    0.000000] Faking a node at [mem 0x0000000000000000-0x000000003ffeffff]
[    0.000000] NODE_DATA(0) allocated [mem 0x3ffeb000-0x3ffeffff]
[    0.000000] kvm-clock: Using msrs 4b564d01 and 4b564d00
[    0.000000] kvm-clock: cpu 0, msr 0:3ffe3001, primary cpu clock
[    0.000000] kvm-clock: using sched offset of 3297879317 cycles
[    0.000000] clocksource: kvm-clock: mask: 0xffffffffffffffff max_cycles: 0x1cd42e4dffb, max_idle_ns: 881590591483 ns
[    0.000000] Zone ranges:
[    0.000000]   DMA      [mem 0x0000000000001000-0x0000000000ffffff]
[    0.000000]   DMA32    [mem 0x0000000001000000-0x000000003ffeffff]
[    0.000000]   Normal   empty
[    0.000000]   Device   empty
[    0.000000] Movable zone start for each node
[    0.000000] Early memory node ranges
[    0.000000]   node   0: [mem 0x0000000000001000-0x000000000009efff]
[    0.000000]   node   0: [mem 0x0000000000100000-0x000000003ffeffff]
[    0.000000] Initmem setup node 0 [mem 0x0000000000001000-0x000000003ffeffff]
[    0.000000] ACPI: PM-Timer IO Port: 0x4008
[    0.000000] IOAPIC[0]: apic_id 2, version 32, address 0xfec00000, GSI 0-23
[    0.000000] ACPI: INT_SRC_OVR (bus 0 bus_irq 0 global_irq 2 dfl dfl)
[    0.000000] ACPI: INT_SRC_OVR (bus 0 bus_irq 9 global_irq 9 low level)
[    0.000000] Using ACPI (MADT) for SMP configuration information
[    0.000000] smpboot: Allowing 2 CPUs, 0 hotplug CPUs
[    0.000000] PM: Registered nosave memory: [mem 0x00000000-0x00000fff]
[    0.000000] PM: Registered nosave memory: [mem 0x0009f000-0x0009ffff]
[    0.000000] PM: Registered nosave memory: [mem 0x000a0000-0x000effff]
[    0.000000] PM: Registered nosave memory: [mem 0x000f0000-0x000fffff]
[    0.000000] e820: [mem 0x40000000-0xfebfffff] available for PCI devices
[    0.000000] Booting paravirtualized kernel on KVM
[    0.000000] clocksource: refined-jiffies: mask: 0xffffffff max_cycles: 0xffffffff, max_idle_ns: 7645519600211568 ns
[    0.000000] setup_percpu: NR_CPUS:512 nr_cpumask_bits:512 nr_cpu_ids:2 nr_node_ids:1
[    0.000000] PERCPU: Embedded 33 pages/cpu @ffff88003fc00000 s95640 r8192 d31336 u1048576
[    0.000000] Built 1 zonelists in Node order, mobility grouping on.  Total pages: 257912
[    0.000000] Policy zone: DMA32
[    0.000000] Kernel command line: BOOT_IMAGE=/boot/vmlinuz-4.4.0-201-generic root=LABEL=cloudimg-rootfs ro console=tty1 console=ttyS0
[    0.000000] PID hash table entries: 4096 (order: 3, 32768 bytes)
[    0.000000] Memory: 997656K/1048120K available (8641K kernel code, 1337K rwdata, 4044K rodata, 1492K init, 1296K bss, 50464K reserved, 0K cma-reserved)
[    0.000000] SLUB: HWalign=64, Order=0-3, MinObjects=0, CPUs=2, Nodes=1
[    0.000000] Kernel/User page tables isolation: enabled
[    0.000000] Hierarchical RCU implementation.
[    0.000000] 	Build-time adjustment of leaf fanout to 64.
[    0.000000] 	RCU restricting CPUs from NR_CPUS=512 to nr_cpu_ids=2.
[    0.000000] RCU: Adjusting geometry for rcu_fanout_leaf=64, nr_cpu_ids=2
[    0.000000] NR_IRQS:33024 nr_irqs:440 16
[    0.000000] Console: colour VGA+ 80x25
[    0.000000] console [tty1] enabled
[    0.000000] console [ttyS0] enabled
[    0.000000] tsc: Detected 1799.988 MHz processor
[    0.177822] Calibrating delay loop (skipped) preset value.. 3599.97 BogoMIPS (lpj=7199952)
[    0.184033] pid_max: default: 32768 minimum: 301
[    0.185332] ACPI: Core revision 20150930
[    0.187732] ACPI: 2 ACPI AML tables successfully acquired and loaded
[    0.190283] Security Framework initialized
[    0.191695] Yama: becoming mindful.
[    0.193121] AppArmor: AppArmor initialized
[    0.198063] Dentry cache hash table entries: 131072 (order: 8, 1048576 bytes)
[    0.202574] Inode-cache hash table entries: 65536 (order: 7, 524288 bytes)
[    0.204795] Mount-cache hash table entries: 2048 (order: 2, 16384 bytes)
[    0.206802] Mountpoint-cache hash table entries: 2048 (order: 2, 16384 bytes)
[    0.209441] Initializing cgroup subsys io
[    0.210993] Initializing cgroup subsys memory
[    0.212657] Initializing cgroup subsys devices
[    0.214111] Initializing cgroup subsys freezer
[    0.215141] Initializing cgroup subsys net_cls
[    0.216379] Initializing cgroup subsys perf_event
[    0.217547] Initializing cgroup subsys net_prio
[    0.219231] Initializing cgroup subsys hugetlb
[    0.220580] Initializing cgroup subsys pids
[    0.223309] mce: CPU supports 0 MCE banks
[    0.224288] Last level iTLB entries: 4KB 64, 2MB 8, 4MB 8
[    0.225449] Last level dTLB entries: 4KB 64, 2MB 0, 4MB 0, 1GB 4
[    0.226775] Spectre V1 : Mitigation: usercopy/swapgs barriers and __user pointer sanitization
[    0.230222] Spectre V2 : Mitigation: Full generic retpoline
[    0.231930] Spectre V2 : Spectre v2 / SpectreRSB mitigation: Filling RSB on context switch
[    0.235046] Speculative Store Bypass: Vulnerable
[    0.236548] SRBDS: Unknown: Dependent on hypervisor status
[    0.238763] MDS: Vulnerable: Clear CPU buffers attempted, no microcode
[    0.245222] Freeing SMP alternatives memory: 36K
[    0.258001] ftrace: allocating 32361 entries in 127 pages
[    0.353537] smpboot: APIC(0) Converting physical 0 to logical package 0
[    0.355183] smpboot: Max logical packages: 1
[    0.356992] x2apic enabled
[    0.358339] Switched APIC routing to physical x2apic.
[    0.360960] ..TIMER: vector=0x30 apic1=0 pin1=2 apic2=-1 pin2=-1
[    0.470483] smpboot: CPU0: Intel(R) Core(TM) i5-8265U CPU @ 1.60GHz (family: 0x6, model: 0x8e, stepping: 0xb)
[    0.472424] Performance Events: unsupported p6 CPU model 142 no PMU driver, software events only.
[    0.487639] KVM setup paravirtual spinlock
[    0.489483] x86: Booting SMP configuration:
[    0.491328] .... node  #0, CPUs:      #1
[    0.492999] kvm-clock: cpu 1, msr 0:3ffe3041, secondary cpu clock
[    0.495346] mce: CPU supports 0 MCE banks
[    0.498176] x86: Booted up 1 node, 2 CPUs
[    0.499401] smpboot: Total of 2 processors activated (7199.95 BogoMIPS)
[    0.501417] devtmpfs: initialized
[    0.504403] evm: security.selinux
[    0.505247] evm: security.SMACK64
[    0.506149] evm: security.SMACK64EXEC
[    0.506996] evm: security.SMACK64TRANSMUTE
[    0.508304] evm: security.SMACK64MMAP
[    0.509595] evm: security.ima
[    0.510674] evm: security.capability
[    0.512107] clocksource: jiffies: mask: 0xffffffff max_cycles: 0xffffffff, max_idle_ns: 7645041785100000 ns
[    0.514110] futex hash table entries: 512 (order: 3, 32768 bytes)
[    0.515692] pinctrl core: initialized pinctrl subsystem
[    0.517401] RTC time:  4:28:31, date: 05/08/21
[    0.519176] NET: Registered protocol family 16
[    0.530299] cpuidle: using governor ladder
[    0.542231] cpuidle: using governor menu
[    0.543431] PCCT header not found.
[    0.544617] ACPI: bus type PCI registered
[    0.545829] acpiphp: ACPI Hot Plug PCI Controller Driver version: 0.5
[    0.547309] PCI: Using configuration type 1 for base access
[    0.562840] ACPI: Added _OSI(Module Device)
[    0.564334] ACPI: Added _OSI(Processor Device)
[    0.565200] ACPI: Added _OSI(3.0 _SCP Extensions)
[    0.566047] ACPI: Added _OSI(Processor Aggregator Device)
[    0.567856] ACPI: Executed 1 blocks of module-level executable AML code
[    0.572683] ACPI: Interpreter enabled
[    0.573751] ACPI: (supports S0 S5)
[    0.578843] ACPI: Using IOAPIC for interrupt routing
[    0.580345] PCI: Using host bridge windows from ACPI; if necessary, use "pci=nocrs" and report a bug
[    0.589749] ACPI: PCI Root Bridge [PCI0] (domain 0000 [bus 00-ff])
[    0.591347] acpi PNP0A03:00: _OSC: OS supports [ASPM ClockPM Segments MSI]
[    0.594084] acpi PNP0A03:00: _OSC: not requesting OS control; OS requires [ExtendedConfig ASPM ClockPM MSI]
[    0.596788] acpi PNP0A03:00: fail to add MMCONFIG information, can't access extended PCI configuration space under this bridge.
[    0.603021] PCI host bridge to bus 0000:00
[    0.604654] pci_bus 0000:00: root bus resource [io  0x0000-0x0cf7 window]
[    0.606043] pci_bus 0000:00: root bus resource [io  0x0d00-0xffff window]
[    0.607428] pci_bus 0000:00: root bus resource [mem 0x000a0000-0x000bffff window]
[    0.609556] pci_bus 0000:00: root bus resource [mem 0x40000000-0xfdffffff window]
[    0.611647] pci_bus 0000:00: root bus resource [bus 00-ff]
[    0.615422] pci 0000:00:01.1: legacy IDE quirk: reg 0x10: [io  0x01f0-0x01f7]
[    0.618008] pci 0000:00:01.1: legacy IDE quirk: reg 0x14: [io  0x03f6]
[    0.620319] pci 0000:00:01.1: legacy IDE quirk: reg 0x18: [io  0x0170-0x0177]
[    0.637313] pci 0000:00:01.1: legacy IDE quirk: reg 0x1c: [io  0x0376]
[    0.673381] pci 0000:00:07.0: quirk: [io  0x4000-0x403f] claimed by PIIX4 ACPI
[    0.676258] pci 0000:00:07.0: quirk: [io  0x4100-0x410f] claimed by PIIX4 SMB
[    0.698262] ACPI: PCI Interrupt Link [LNKA] (IRQs 5 9 10 *11)
[    0.700676] ACPI: PCI Interrupt Link [LNKB] (IRQs 5 9 *10 11)
[    0.702894] ACPI: PCI Interrupt Link [LNKC] (IRQs 5 *9 10 11)
[    0.707007] ACPI: PCI Interrupt Link [LNKD] (IRQs 5 9 10 *11)
[    0.709203] ACPI: Enabled 2 GPEs in block 00 to 07
[    0.711262] vgaarb: setting as boot device: PCI:0000:00:02.0
[    0.712618] vgaarb: device added: PCI:0000:00:02.0,decodes=io+mem,owns=io+mem,locks=none
[    0.714972] vgaarb: loaded
[    0.715778] vgaarb: bridge control possible 0000:00:02.0
[    0.717398] SCSI subsystem initialized
[    0.718568] ACPI: bus type USB registered
[    0.719667] usbcore: registered new interface driver usbfs
[    0.721083] usbcore: registered new interface driver hub
[    0.722671] usbcore: registered new device driver usb
[    0.724511] PCI: Using ACPI for IRQ routing
[    0.727318] NetLabel: Initializing
[    0.728362] NetLabel:  domain hash size = 128
[    0.729534] NetLabel:  protocols = UNLABELED CIPSOv4
[    0.732874] NetLabel:  unlabeled traffic allowed by default
[    0.740040] amd_nb: Cannot enumerate AMD northbridges
[    0.741865] clocksource: Switched to clocksource kvm-clock
[    0.755917] AppArmor: AppArmor Filesystem Enabled
[    0.757477] pnp: PnP ACPI init
[    0.759493] pnp: PnP ACPI: found 3 devices
[    0.773355] clocksource: acpi_pm: mask: 0xffffff max_cycles: 0xffffff, max_idle_ns: 2085701024 ns
[    0.775631] NET: Registered protocol family 2
[    0.776957] TCP established hash table entries: 8192 (order: 4, 65536 bytes)
[    0.778812] TCP bind hash table entries: 8192 (order: 5, 131072 bytes)
[    0.780567] TCP: Hash tables configured (established 8192 bind 8192)
[    0.782229] UDP hash table entries: 512 (order: 2, 16384 bytes)
[    0.784196] UDP-Lite hash table entries: 512 (order: 2, 16384 bytes)
[    0.786077] NET: Registered protocol family 1
[    0.787155] pci 0000:00:00.0: Limiting direct PCI/PCI transfers
[    0.788691] pci 0000:00:01.0: Activating ISA DMA hang workarounds
[    0.790460] Unpacking initramfs...
[    1.087645] Freeing initrd memory: 14888K
[    1.089049] clocksource: tsc: mask: 0xffffffffffffffff max_cycles: 0x19f21e26ba5, max_idle_ns: 440795219359 ns
[    1.090934] platform rtc_cmos: registered platform RTC device (no PNP device found)
[    1.093589] Scanning for low memory corruption every 60 seconds
[    1.095790] audit: initializing netlink subsys (disabled)
[    1.097422] audit: type=2000 audit(1620448116.966:1): initialized
[    1.099288] Initialise system trusted keyring
[    1.100570] HugeTLB registered 2 MB page size, pre-allocated 0 pages
[    1.104779] zbud: loaded
[    1.106386] VFS: Disk quotas dquot_6.6.0
[    1.107675] VFS: Dquot-cache hash table entries: 512 (order 0, 4096 bytes)
[    1.110383] squashfs: version 4.0 (2009/01/31) Phillip Lougher
[    1.112839] fuse init (API version 7.23)
[    1.114383] Key type big_key registered
[    1.115926] Allocating IMA MOK and blacklist keyrings.
[    1.119661] Key type asymmetric registered
[    1.120954] Asymmetric key parser 'x509' registered
[    1.122460] Block layer SCSI generic (bsg) driver version 0.4 loaded (major 249)
[    1.125326] io scheduler noop registered
[    1.126766] io scheduler deadline registered (default)
[    1.128569] io scheduler cfq registered
[    1.130180] pci_hotplug: PCI Hot Plug PCI Core version: 0.5
[    1.132009] pciehp: PCI Express Hot Plug Controller Driver version: 0.4
[    1.134409] ACPI: AC Adapter [AC] (on-line)
[    1.135952] input: Power Button as /devices/LNXSYSTM:00/LNXPWRBN:00/input/input0
[    1.138569] ACPI: Power Button [PWRF]
[    1.140219] input: Sleep Button as /devices/LNXSYSTM:00/LNXSLPBN:00/input/input1
[    1.142858] ACPI: Sleep Button [SLPF]
[    1.144833] GHES: HEST is not enabled!
[    1.147206] Serial: 8250/16550 driver, 32 ports, IRQ sharing enabled
[    1.170419] 00:02: ttyS0 at I/O 0x3f8 (irq = 4, base_baud = 115200) is a 16550A
[    1.170728] ACPI: Battery Slot [BAT0] (battery present)
[    1.187517] Linux agpgart interface v0.103
[    1.199113] loop: module loaded
[    1.202925] scsi host0: ata_piix
[    1.204331] scsi host1: ata_piix
[    1.205646] ata1: PATA max UDMA/33 cmd 0x1f0 ctl 0x3f6 bmdma 0xd000 irq 14
[    1.208051] ata2: PATA max UDMA/33 cmd 0x170 ctl 0x376 bmdma 0xd008 irq 15
[    1.210410] libphy: Fixed MDIO Bus: probed
[    1.211765] tun: Universal TUN/TAP device driver, 1.6
[    1.213331] tun: (C) 1999-2004 Max Krasnyansky <maxk@qualcomm.com>
[    1.223678] PPP generic driver version 2.4.2
[    1.225269] ehci_hcd: USB 2.0 'Enhanced' Host Controller (EHCI) Driver
[    1.227493] ehci-pci: EHCI PCI platform driver
[    1.230081] ehci-platform: EHCI generic platform driver
[    1.232421] ohci_hcd: USB 1.1 'Open' Host Controller (OHCI) Driver
[    1.234335] ohci-pci: OHCI PCI platform driver
[    1.235831] ohci-platform: OHCI generic platform driver
[    1.238154] uhci_hcd: USB Universal Host Controller Interface driver
[    1.240352] i8042: PNP: PS/2 Controller [PNP0303:PS2K,PNP0f03:PS2M] at 0x60,0x64 irq 1,12
[    1.243603] serio: i8042 KBD port at 0x60,0x64 irq 1
[    1.245301] serio: i8042 AUX port at 0x60,0x64 irq 12
[    1.247122] mousedev: PS/2 mouse device common for all mice
[    1.249355] input: AT Translated Set 2 keyboard as /devices/platform/i8042/serio0/input/input2
[    1.252832] rtc_cmos rtc_cmos: rtc core: registered rtc_cmos as rtc0
[    1.255909] rtc_cmos rtc_cmos: alarms up to one day, 114 bytes nvram
[    1.260842] i2c /dev entries driver
[    1.261935] device-mapper: uevent: version 1.0.3
[    1.263445] device-mapper: ioctl: 4.34.0-ioctl (2015-10-28) initialised: dm-devel@redhat.com
[    1.265609] ledtrig-cpu: registered to indicate activity on CPUs
[    1.267892] NET: Registered protocol family 10
[    1.269457] NET: Registered protocol family 17
[    1.270724] Key type dns_resolver registered
[    1.272622] registered taskstats version 1
[    1.273776] Loading compiled-in X.509 certificates
[    1.276163] Loaded X.509 cert 'Build time autogenerated kernel key: 9e5e2330314f2a00b0409bdb338e201244d5149f'
[    1.278773] zswap: loaded using pool lzo/zbud
[    1.284658] Key type trusted registered
[    1.291287] Key type encrypted registered
[    1.292532] AppArmor: AppArmor sha1 policy hashing enabled
[    1.294140] ima: No TPM chip found, activating TPM-bypass!
[    1.295820] ima: Allocated hash algorithm: sha1
[    1.297313] evm: HMAC attrs: 0x1
[    1.299098]   Magic number: 5:940:463
[    1.300670] rtc_cmos rtc_cmos: setting system clock to 2021-05-08 04:28:32 UTC (1620448112)
[    1.303815] BIOS EDD facility v0.16 2004-Jun-25, 0 devices found
[    1.305861] EDD information not available.
[    1.392458] Freeing unused kernel memory: 1492K
[    1.393981] Write protecting the kernel read-only data: 14336k
[    1.395901] Freeing unused kernel memory: 1588K
[    1.397698] Freeing unused kernel memory: 52K
Loading, please wait...
starting version 229
[    1.424368] random: systemd-udevd: uninitialized urandom read (16 bytes read, 3 bits of entropy available)
[    1.425112] random: udevadm: uninitialized urandom read (16 bytes read, 3 bits of entropy available)
[    1.425134] random: udevadm: uninitialized urandom read (16 bytes read, 3 bits of entropy available)
[    1.433446] random: systemd-udevd: uninitialized urandom read (16 bytes read, 3 bits of entropy available)
[    1.437068] random: systemd-udevd: uninitialized urandom read (16 bytes read, 3 bits of entropy available)
[    1.438791] random: udevadm: uninitialized urandom read (16 bytes read, 3 bits of entropy available)
[    1.438870] random: udevadm: uninitialized urandom read (16 bytes read, 3 bits of entropy available)
[    1.439088] random: udevadm: uninitialized urandom read (16 bytes read, 3 bits of entropy available)
[    1.439203] random: udevadm: uninitialized urandom read (16 bytes read, 3 bits of entropy available)
[    1.439288] random: udevadm: uninitialized urandom read (16 bytes read, 3 bits of entropy available)
[    1.499900] e1000: Intel(R) PRO/1000 Network Driver - version 7.3.21-k8-NAPI
[    1.502747] e1000: Copyright (c) 1999-2006 Intel Corporation.
[    1.519450] Fusion MPT base driver 3.04.20
[    1.520593] Copyright (c) 1999-2008 LSI Corporation
[    1.526353] Fusion MPT SPI Host driver 3.04.20
[    1.564055] AVX2 version of gcm_enc/dec engaged.
[    1.565558] AES CTR mode by8 optimization enabled
[    1.749106] input: ImExPS/2 Generic Explorer Mouse as /devices/platform/i8042/serio1/input/input4
[    1.906495] e1000 0000:00:03.0 eth0: (PCI:33MHz:32-bit) 02:0f:4d:7a:2e:0f
[    1.908801] e1000 0000:00:03.0 eth0: Intel(R) PRO/1000 Network Connection
[    1.912434] mptbase: ioc0: Initiating bringup
[    2.142213] ioc0: LSI53C1030 A0: Capabilities={Initiator}
[    4.665518] scsi host2: ioc0: LSI53C1030 A0, FwRev=00000000h, Ports=1, MaxQ=256, IRQ=20
[    6.162602] scsi 2:0:0:0: Direct-Access     VBOX     HARDDISK         1.0  PQ: 0 ANSI: 5
[    6.164849] scsi target2:0:0: Beginning Domain Validation
[    6.168179] scsi target2:0:0: Domain Validation skipping write tests
[    6.169579] scsi target2:0:0: Ending Domain Validation
[    6.171156] scsi target2:0:0: asynchronous
[    6.172759] scsi 2:0:1:0: Direct-Access     VBOX     HARDDISK         1.0  PQ: 0 ANSI: 5
[    6.175776] scsi target2:0:1: Beginning Domain Validation
[    6.179504] scsi target2:0:1: Domain Validation skipping write tests
[    6.181798] scsi target2:0:1: Ending Domain Validation
[    6.183752] scsi target2:0:1: asynchronous
[    6.243416] sd 2:0:0:0: Attached scsi generic sg0 type 0
[    6.245619] sd 2:0:1:0: Attached scsi generic sg1 type 0
[    6.246929] sd 2:0:1:0: [sdb] 20480 512-byte logical blocks: (10.5 MB/10.0 MiB)
[    6.246947] sd 2:0:0:0: [sda] 83886080 512-byte logical blocks: (42.9 GB/40.0 GiB)
[    6.251804] sd 2:0:1:0: [sdb] Write Protect is off
[    6.253703] sd 2:0:0:0: [sda] Write Protect is off
[    6.255330] sd 2:0:1:0: [sdb] Incomplete mode parameter data
[    6.256836] sd 2:0:1:0: [sdb] Assuming drive cache: write through
[    6.258807] sd 2:0:0:0: [sda] Incomplete mode parameter data
[    6.260322] sd 2:0:0:0: [sda] Assuming drive cache: write through
[    6.264889]  sda: sda1
[    6.268355] sd 2:0:1:0: [sdb] Attached SCSI disk
[    6.269738] sd 2:0:0:0: [sda] Attached SCSI disk
[    6.691789] e1000 0000:00:08.0 eth1: (PCI:33MHz:32-bit) 08:00:27:5e:49:ce
[    6.694259] e1000 0000:00:08.0 eth1: Intel(R) PRO/1000 Network Connection
[    6.700777] e1000 0000:00:03.0 enp0s3: renamed from eth0
[    6.714507] e1000 0000:00:08.0 enp0s8: renamed from eth1
Begin: Loading essential drivers ... [    8.535470] md: linear personality registered for level -1
[    8.542594] md: multipath personality registered for level -4
[    8.548989] md: raid0 personality registered for level 0
[    8.557596] md: raid1 personality registered for level 1
[    8.636123] raid6: sse2x1   gen()  4906 MB/s
[    8.706398] raid6: sse2x1   xor()  4617 MB/s
[    8.774321] raid6: sse2x2   gen()  6990 MB/s
[    8.842065] raid6: sse2x2   xor()  4891 MB/s
[    8.910724] raid6: sse2x4   gen()  6982 MB/s
[    8.978128] raid6: sse2x4   xor()  5416 MB/s
[    9.045945] raid6: avx2x1   gen() 11830 MB/s
[    9.115914] raid6: avx2x2   gen() 12775 MB/s
[    9.181881] raid6: avx2x4   gen() 14209 MB/s
[    9.184737] raid6: using algorithm avx2x4 gen() 14209 MB/s
[    9.186943] raid6: using avx2x2 recovery algorithm
[    9.191071] xor: automatically using best checksumming function:
[    9.233914]    avx       : 16034.000 MB/sec
[    9.237443] async_tx: api initialized (async)
[    9.253527] md: raid6 personality registered for level 6
[    9.268995] md: raid5 personality registered for level 5
[    9.274705] md: raid4 personality registered for level 4
[    9.311248] md: raid10 personality registered for level 10
done.
Begin: Running /scripts/init-premount ... done.
Begin: Mounting root file system ... Begin: Running /scripts/local-top ... done.
Begin: Running /scripts/local-premount ... [    9.378438] Btrfs loaded
Scanning for Btrfs filesystems
done.
Warning: fsck not present, so skipping root file system
[    9.443510] EXT4-fs (sda1): mounted filesystem with ordered data mode. Opts: (null)
done.
Begin: Running /scripts/local-bottom ... done.
Begin: Running /scripts/init-bottom ... done.
[    9.576967] systemd[1]: systemd 229 running in system mode. (+PAM +AUDIT +SELINUX +IMA +APPARMOR +SMACK +SYSVINIT +UTMP +LIBCRYPTSETUP +GCRYPT +GNUTLS +ACL +XZ -LZ4 +SECCOMP +BLKID +ELFUTILS +KMOD -IDN)
[    9.584475] systemd[1]: Detected virtualization oracle.
[    9.586238] systemd[1]: Detected architecture x86-64.

Welcome to [1mUbuntu 16.04.7 LTS[0m!

[    9.590761] systemd[1]: Set hostname to <ubuntu>.
[    9.595347] systemd[1]: Initializing machine ID from random generator.
[    9.600297] systemd[1]: Installed transient /etc/machine-id file.
[    9.769783] systemd[1]: Reached target Swap.
[[0;32m  OK  [0m] Reached target Swap.
[    9.774804] systemd[1]: Reached target System Time Synchronized.
[[0;32m  OK  [0m] Reached target System Time Synchronized.
[    9.778166] systemd[1]: Listening on Journal Socket (/dev/log).
[[0;32m  OK  [0m] Listening on Journal Socket (/dev/log).
[    9.781419] systemd[1]: Listening on Journal Audit Socket.
[[0;32m  OK  [0m] Listening on Journal Audit Socket.
[    9.784414] systemd[1]: Reached target User and Group Name Lookups.
[[0;32m  OK  [0m] Reached target User and Group Name Lookups.
[    9.787975] systemd[1]: Set up automount Arbitrary Executable File Formats File System Automount Point.
[[0;32m  OK  [0m] Set up automount Arbitrary Executab...ats File System Automount Point.
[    9.792917] systemd[1]: Listening on LVM2 poll daemon socket.
[[0;32m  OK  [0m] Listening on LVM2 poll daemon socket.
[    9.796133] systemd[1]: Listening on udev Kernel Socket.
[[0;32m  OK  [0m] Listening on udev Kernel Socket.
[    9.799787] systemd[1]: Created slice User and Session Slice.
[[0;32m  OK  [0m] Created slice User and Session Slice.
[    9.803537] systemd[1]: Listening on Device-mapper event daemon FIFOs.
[[0;32m  OK  [0m] Listening on Device-mapper event daemon FIFOs.
[    9.807538] systemd[1]: Started Trigger resolvconf update for networkd DNS.
[[0;32m  OK  [0m] Started Trigger resolvconf update for networkd DNS.
[    9.811516] systemd[1]: Listening on LVM2 metadata daemon socket.
[[0;32m  OK  [0m] Listening on LVM2 metadata daemon socket.
[    9.815244] systemd[1]: Listening on Syslog Socket.
[[0;32m  OK  [0m] Listening on Syslog Socket.
[    9.818324] systemd[1]: Listening on Journal Socket.
[[0;32m  OK  [0m] Listening on Journal Socket.
[    9.821524] systemd[1]: Listening on udev Control Socket.
[[0;32m  OK  [0m] Listening on udev Control Socket.
[    9.826749] systemd[1]: Listening on /dev/initctl Compatibility Named Pipe.
[[0;32m  OK  [0m] Listening on /dev/initctl Compatibility Named Pipe.
[    9.830247] systemd[1]: Reached target Encrypted Volumes.
[[0;32m  OK  [0m] Reached target Encrypted Volumes.
[    9.833817] systemd[1]: Started Forward Password Requests to Wall Directory Watch.
[[0;32m  OK  [0m] Started Forward Password Requests to Wall Directory Watch.
[    9.839017] systemd[1]: Created slice System Slice.
[[0;32m  OK  [0m] Created slice System Slice.
[    9.856082] systemd[1]: Mounting Debug File System...
         Mounting Debug File System...
[    9.860114] systemd[1]: Mounting Huge Pages File System...
         Mounting Huge Pages File System...
[    9.871272] systemd[1]: Starting Create list of required static device nodes for the current kernel...
         Starting Create list of required st... nodes for the current kernel...
[    9.877333] systemd[1]: Starting Nameserver information manager...
         Starting Nameserver information manager...
[    9.882136] systemd[1]: Mounting POSIX Message Queue File System...
         Mounting POSIX Message Queue File System...
[    9.885224] systemd[1]: Created slice system-serial\x2dgetty.slice.
[[0;32m  OK  [0m] Created slice system-serial\x2dgetty.slice.
[    9.891225] systemd[1]: Starting Remount Root and Kernel File Systems...
         Starting Remount Root and Kernel File Systems...
[    9.897869] systemd[1]: Starting Set console keymap...
         Starting Set con[    9.901552] EXT4-fs (sda1): re-mounted. Opts: (null)
sole keymap...
[    9.904723] systemd[1]: Starting Monitoring of LVM2 mirrors, snapshots etc. using dmeventd or progress polling...
         Starting Monitoring of LVM2 mirrors... dmeventd or progress polling...
[    9.913655] systemd[1]: Starting Load Kernel Modules...
         Starting Load Kernel Modules...
[    9.919625] systemd[1]: Reached target Slices.
[[0;32m  OK  [0m] Reached target Slices.
[    9.924108] systemd[1]: Starting Journal Service...
         Starting Journal Service...
[    9.932215] systemd[1]: Starting Uncomplicated firewall...
         Starting Uncomplicated firewall...
[    9.944896] Loading iSCSI transport class v2.0-870.
[    9.963099] iscsi: registered transport (tcp)
[    9.969041] systemd[1]: Mounted POSIX Message Queue File System.
[[0;32m  OK  [0m] Mounted POSIX Message Queue File System.
[    9.974591] systemd[1]: Mounted Huge Pages File System.
[[0;32m  OK  [0m] Mounted Huge Pages File System.
[    9.978151] systemd[1]: Mounted Debug File System.
[[0;32m  OK  [0m] Mounted Debug File System.
[    9.983950] systemd[1]: Started Create list of required static device nodes for the current kernel.
[[0;32m  OK  [0m] Started Create list of required sta...ce nodes for the current kernel.
[    9.995042] random: nonblocking pool is initialized
[   10.016315] systemd[1]: Started Remount Root and Kernel File Systems.
[[0;32m  OK  [0m] Started Remount Root and Kernel File Systems.
[   10.021297] iscsi: registered transport (iser)
[   10.027318] systemd[1]: Started Set console keymap.
[[0;32m  OK  [0m] Started Set console keymap.
[   10.031652] systemd[1]: Started Load Kernel Modules.
[[0;32m  OK  [0m] Started Load Kernel Modules.
[   10.037355] systemd[1]: Started Uncomplicated firewall.
[[0;32m  OK  [0m] Started Uncomplicated firewall.
[   10.054486] systemd[1]: Started Nameserver information manager.
[[0;32m  OK  [0m] Started Nameserver information manager.
[   10.066224] systemd[1]: Started Journal Service.
[[0;32m  OK  [0m] Started Journal Service.
[[0;32m  OK  [0m] Started LVM2 metadata daemon.
         Starting Apply Kernel Variables...
         Mounting FUSE Control File System...
         Starting Load/Save Random Seed...
         Starting Flush Journal to Persistent Storage...
         Starting udev Coldplug all Devices...
         Starting Create Static Device Nodes in /dev...
[[0;32m  OK  [0m] Mounted FUSE Control File System.
[[0;32m  OK  [0m] Started Apply Kernel Variables.
[[0;32m  OK  [0m] Started Load/Save Random Seed.
[[0;32m  OK  [0m] Started Flush Journal to Persistent Storage.
[[0;32m  OK  [0m] Started Create Static Device Nodes in /dev.
         Starting udev Kernel Device Manager...
[[0;32m  OK  [0m] Started udev Kernel Device Manager.
[[0;32m  OK  [0m] Started udev Coldplug all Devices.
[[0;32m  OK  [0m] Started Dispatch Password Requests to Console Directory Watch.
[[0;32m  OK  [0m] Found device /dev/ttyS0.
[[0;32m  OK  [0m] Listening on Load/Save RF Kill Switch Status /dev/rfkill Watch.
[[0;32m  OK  [0m] Started Monitoring of LVM2 mirrors,...ng dmeventd or progress polling.
[[0;32m  OK  [0m] Reached target Local File Systems (Pre).
[[0;32m  OK  [0m] Reached target Local File Systems.
         Starting Set console font and keymap...
         Starting LSB: AppArmor initialization...
         Starting Commit a transient machine-id on disk...
         Starting Tell Plymouth To Write Out Runtime Data...
         Starting Create Volatile Files and Directories...
         Starting Initial cloud-init job (pre-networking)...
[[0;32m  OK  [0m] Started Commit a transient machine-id on disk.
[[0;32m  OK  [0m] Started Tell Plymouth To Write Out Runtime Data.
[[0;32m  OK  [0m] Started Create Volatile Files and Directories.
         Starting Update UTMP about System Boot/Shutdown...
[[0;32m  OK  [0m] Started Update UTMP about System Boot/Shutdown.
[[0;32m  OK  [0m] Started Set console font and keymap.
[[0;32m  OK  [0m] Created slice system-getty.slice.
[[0;32m  OK  [0m] Started LSB: AppArmor initialization.
         Starting Load AppArmor profiles managed internally by snapd...
[[0;32m  OK  [0m] Started Load AppArmor profiles managed internally by snapd.
[   13.111317] cloud-init[668]: Cloud-init v. 20.4.1-0ubuntu1~16.04.1 running 'init-local' at Sat, 08 May 2021 04:28:44 +0000. Up 12.62 seconds.
[[0;32m  OK  [0m] Started Initial cloud-init job (pre-networking).
[[0;32m  OK  [0m] Reached target Network (Pre).
         Starting Raise network interfaces...
[[0;32m  OK  [0m] Started Raise network interfaces.
[[0;32m  OK  [0m] Reached target Network.
         Starting Initial cloud-init job (metadata service crawler)...
[   14.973091] cloud-init[962]: Cloud-init v. 20.4.1-0ubuntu1~16.04.1 running 'init' at Sat, 08 May 2021 04:28:45 +0000. Up 14.12 seconds.
[   14.975636] cloud-init[962]: ci-info: ++++++++++++++++++++++++++++++++++++++Net device info++++++++++++++++++++++++++++++++++++++
[   14.978908] cloud-init[962]: ci-info: +--------+-------+---------------------------+---------------+--------+-------------------+
[   14.982239] cloud-init[962]: ci-info: | Device |   Up  |          Address          |      Mask     | Scope  |     Hw-Address    |
[   14.984426] cloud-init[962]: ci-info: +--------+-------+---------------------------+---------------+--------+-------------------+
[   14.986459] cloud-init[962]: ci-info: | enp0s3 |  True |         10.0.2.15         | 255.255.255.0 | global | 02:0f:4d:7a:2e:0f |
[   14.989244] cloud-init[962]: ci-info: | enp0s3 |  True | fe80::f:4dff:fe7a:2e0f/64 |       .       |  link  | 02:0f:4d:7a:2e:0f |
[   14.991735] cloud-init[962]: ci-info: | enp0s8 | False |             .             |       .       |   .    | 08:00:27:5e:49:ce |
[   14.994194] cloud-init[962]: ci-info: |   lo   |  True |         127.0.0.1         |   255.0.0.0   |  host  |         .         |
[   14.996521] cloud-init[962]: ci-info: |   lo   |  True |          ::1/128          |       .       |  host  |         .         |
[   14.998948] cloud-init[962]: ci-info: +--------+-------+---------------------------+---------------+--------+-------------------+
[   15.001607] cloud-init[962]: ci-info: +++++++++++++++++++++++++++Route IPv4 info++++++++++++++++++++++++++++
[   15.003523] cloud-init[962]: ci-info: +-------+-------------+----------+---------------+-----------+-------+
[   15.005381] cloud-init[962]: ci-info: | Route | Destination | Gateway  |    Genmask    | Interface | Flags |
[   15.012857] cloud-init[962]: ci-info: +-------+-------------+----------+---------------+-----------+-------+
[   15.015357] cloud-init[962]: ci-info: |   0   |   0.0.0.0   | 10.0.2.2 |    0.0.0.0    |   enp0s3  |   UG  |
[   15.017725] cloud-init[962]: ci-info: |   1   |   10.0.2.0  | 0.0.0.0  | 255.255.255.0 |   enp0s3  |   U   |
[   15.020187] cloud-init[962]: ci-info: +-------+-------------+----------+---------------+-----------+-------+
[   15.023183] cloud-init[962]: ci-info: +++++++++++++++++++Route IPv6 info+++++++++++++++++++
[   15.025401] cloud-init[962]: ci-info: +-------+-------------+---------+-----------+-------+
[   15.027304] cloud-init[962]: ci-info: | Route | Destination | Gateway | Interface | Flags |
[   15.029533] cloud-init[962]: ci-info: +-------+-------------+---------+-----------+-------+
[   15.031455] cloud-init[962]: ci-info: |   0   |  fe80::/64  |    ::   |   enp0s3  |   U   |
[   15.033700] cloud-init[962]: ci-info: |   3   |   ff00::/8  |    ::   |   enp0s3  |   U   |
[   15.035900] cloud-init[962]: ci-info: +-------+-------------+---------+-----------+-------+
[   15.038081] cloud-init[962]: Generating public/private rsa key pair.
[   15.040194] cloud-init[962]: Your identification has been saved in /etc/ssh/ssh_host_rsa_key.
[   15.042171] cloud-init[962]: Your public key has been saved in /etc/ssh/ssh_host_rsa_key.pub.
[   15.044398] cloud-init[962]: The key fingerprint is:
[   15.046055] cloud-init[962]: SHA256:dxyhfvs2glkm2fd8ReyEoXqa4hCx+MP1lrrfa3mmJhc root@ubuntu-xenial
[   15.047918] cloud-init[962]: The key's randomart image is:
[   15.049592] cloud-init[962]: +---[RSA 2048]----+
[   15.051191] cloud-init[962]: |            .    |
[   15.052894] cloud-init[962]: |           . ..  |
[   15.054587] cloud-init[962]: |      .   . .. + |
[   15.060662] cloud-init[962]: |     . o . .... +|
[   15.061867] cloud-init[962]: |    . o S o++  + |
[   15.069186] cloud-init[962]: |     o o o++E.. o|
[   15.076625] cloud-init[962]: |      =   +X.+ o.|
[   15.077986] cloud-init[962]: |       o.o*.*.= +|
[   15.079347] cloud-init[962]: |       .++.=+B...|
[   15.080710] cloud-init[962]: +----[SHA256]-----+
[   15.081970] cloud-init[962]: Generating public/private dsa key pair.
[   15.083541] cloud-init[962]: Your identification has been saved in /etc/ssh/ssh_host_dsa_key.
[   15.085542] cloud-init[962]: Your public key has been saved in /etc/ssh/ssh_host_dsa_key.pub.
[   15.087648] cloud-init[962]: The key fingerprint is:
[   15.089237] cloud-init[962]: SHA256:ikm91i31+44dtewF9+NNGtCrWg594xiV1JujttdEbxc root@ubuntu-xenial
[   15.091053] cloud-init[962]: The key's randomart image is:
[   15.092835] cloud-init[962]: +---[DSA 1024]----+
[   15.094199] cloud-init[962]: |                 |
[   15.095600] cloud-init[962]: |               . |
[   15.096935] cloud-init[962]: |              . .|
[   15.098423] cloud-init[962]: |     .       o E+|
[   15.099759] cloud-init[962]: |    . . S . . ===|
[   15.101335] cloud-init[962]: |   . o + o o oo=O|
[   15.103112] cloud-init[962]: |    o + o o =o***|
[   15.104363] cloud-init[962]: |     .   . +.X+B=|
[   15.105790] cloud-init[962]: |          ..*+Bo.|
[   15.106989] cloud-init[962]: +----[SHA256]-----+
[   15.108239] cloud-init[962]: Generating public/private ecdsa key pair.
[   15.116820] cloud-init[962]: Your identification has been saved in /etc/ssh/ssh_host_ecdsa_key.
[   15.118961] cloud-init[962]: Your public key has been saved in /etc/ssh/ssh_host_ecdsa_key.pub.
[   15.121251] cloud-init[962]: The key fingerprint is:
[   15.122743] cloud-init[962]: SHA256:Rv7PQ+A91mdCNUJySAnZ0oE5O+9caoZGMMmhqUAPK5c root@ubuntu-xenial
[   15.124567] cloud-init[962]: The key's randomart image is:
[   15.126004] cloud-init[962]: +---[ECDSA 256]---+
[   15.129063] cloud-init[962]: |         .O+=o   |
[   15.133219] cloud-init[962]: | o     . * =o. ..|
[   15.134560] cloud-init[962]: |. +.  + + +   ...|
[   15.135797] cloud-init[962]: |.oE. o B o.   .  |
[   15.137173] cloud-init[962]: |... .   S.oo o   |
[   15.138605] cloud-init[962]: |   .   . o..=.o o|
[   15.140150] cloud-init[962]: |        . =oo. + |
[   15.142025] cloud-init[962]: |         o O.    |
[   15.143410] cloud-init[962]: |        . o o.   |
[   15.145111] cloud-init[962]: +----[SHA256]-----+
[   15.145407] cloud-init[962]: Generating public/private ed25519 key pair.
[[0;32m  OK  [0m] Started Initial cloud-init job (metadata service crawler).
[   15.146399] cloud-init[962]: Your identification has been saved in /etc/ssh/ssh_host_ed25519_key.
[[0;32m  OK  [0m] Reached target Cloud-config availability.
[   15.150358] cloud-init[962]: Your public key has been saved in /etc/ssh/ssh_host_ed25519_key.pub.
[   15.153902] cloud-init[962]: The key fingerprint is:
[[0;32m  OK  [0m] Reached target System Initialization.[   15.154166] 
cloud-init[962]: SHA256:vrUN567z13hQjOlYsxMKFfcDPj52kRTdnjkyybdkn9s root@ubuntu-xenial
[   15.157291] cloud-init[962]: The key's randomart image is:
[   15.157621] cloud-init[962]: +--[ED25519 256]--+
[   15.158084] cloud-init[962]: |            .o.o+|
[   15.159369] cloud-init[962]: |            o.o.+|
[   15.159872] cloud-init[962]: |           ..o.O+|
[   15.160559] cloud-init[962]: |          . .=BB*|
[   15.160689] cloud-init[962]: |        S  . O**=|
[[0;32m  OK  [0m] Started Daily Cleanup of Temporary Directories.
[   15.160753] cloud-init[962]: |       .    + Bo.|
[   15.165503] cloud-init[962]: |        . o .  =o|
[   15.165747] cloud-init[962]: |         o.*  o.E|
[   15.166063] cloud-init[962]: |        . o==. . |
[   15.166605] cloud-init[962]: +----[SHA256]-----+
         Starting Socket activation for snappy daemon.
[[0;32m  OK  [0m] Listening on UUID daemon activation socket.
[[0;32m  OK  [0m] Listening on ACPID Listen Socket.
[[0;32m  OK  [0m] Started ACPI Events Check.
[[0;32m  OK  [0m] Reached target Paths.
         Starting LXD - unix socket.
[[0;32m  OK  [0m] Listening on D-Bus System Message Bus Socket.
[[0;32m  OK  [0m] Started Daily apt download activities.
[[0;32m  OK  [0m] Started Daily apt upgrade and clean activities.
[[0;32m  OK  [0m] Started Message of the Day.
[[0;32m  OK  [0m] Reached target Timers.
[[0;32m  OK  [0m] Reached target Network is Online.
         Starting iSCSI initiator daemon (iscsid)...
[[0;32m  OK  [0m] Listening on Socket activation for snappy daemon.
[[0;32m  OK  [0m] Listening on LXD - unix socket.
[[0;32m  OK  [0m] Reached target Sockets.
[[0;32m  OK  [0m] Reached target Basic System.
         Starting Pollinate to seed the pseudo random number generator...
[[0;32m  OK  [0m] Started Regular background program processing daemon.
         Starting LSB: MD monitoring daemon...
         Starting /etc/rc.local Compatibility...
         Starting System Logging Service...
         Starting Login Service...
         Starting Accounts Service...
         Starting LSB: Record successful boot for GRUB...
         Starting Virtualbox guest utils...
[[0;32m  OK  [0m] Started Deferred execution scheduler.
[[0;32m  OK  [0m] Started ACPI event daemon.
[[0;32m  OK  [0m] Started FUSE filesystem for LXC.
         Starting LXD - container startup/shutdown...
         Starting Snap Daemon...
[[0;32m  OK  [0m] Started D-Bus System Message Bus.
[[0;32m  OK  [0m] Started System Logging Service.
[[0;32m  OK  [0m] Started /etc/rc.local Compatibility.
[[0;32m  OK  [0m] Started iSCSI initiator daemon (iscsid).
         Starting Login to default iSCSI targets...
[[0;32m  OK  [0m] Started Login Service.
[[0;32m  OK  [0m] Started Unattended Upgrades Shutdown.
[[0;32m  OK  [0m] Started LSB: Record successful boot for GRUB.
         Starting Authenticate and Authorize Users to Run Privileged Tasks...
[[0;32m  OK  [0m] Started Login to default iSCSI targets.
[[0;32m  OK  [0m] Reached target Remote File Systems (Pre).
[[0;32m  OK  [0m] Reached target Remote File Systems.
         Starting LSB: daemon to balance interrupts for SMP systems...
         Starting LSB: Set the CPU Frequency Scaling governor to "ondemand"...
         Starting Permit User Sessions...
         Starting LSB: automatic crash report generation...
[[0;32m  OK  [0m] Started LSB: MD monitoring daemon.
[[0;32m  OK  [0m] Started Permit User Sessions.
         Starting Terminate Plymouth Boot Screen...
         Starting Hold until boot process finishes up...
[[0;32m  OK  [0m] Started Terminate Plymouth Boot Screen.
[[0;32m  OK  [0m] Started LXD - container startup/shutdown.
[[0;32m  OK  [0m] Started Hold until boot process finishes up.
[[0;32m  OK  [0m] Started Serial Getty on ttyS0.
[[0;32m  OK  [0m] Started Getty on tty1.
[[0;32m  OK  [0m] Reached target Login Prompts.
         Starting Set console scheme...
[[0;32m  OK  [0m] Started LSB: Set the CPU Frequency Scaling governor to "ondemand".
[[0;32m  OK  [0m] Started Set console scheme.
[[0;32m  OK  [0m] Started Authenticate and Authorize Users to Run Privileged Tasks.
[[0;32m  OK  [0m] Started LSB: automatic crash report generation.
[[0;32m  OK  [0m] Started Accounts Service.
[[0;32m  OK  [0m] Started LSB: daemon to balance interrupts for SMP systems.
[[0;32m  OK  [0m] Started Virtualbox guest utils.
[[0;32m  OK  [0m] Started Snap Daemon.
         Starting Wait until snapd is fully seeded...
[[0;32m  OK  [0m] Started Pollinate to seed the pseudo random number generator.
         Starting OpenBSD Secure Shell server...
[[0;32m  OK  [0m] Started OpenBSD Secure Shell server.
[[0;32m  OK  [0m] Started Wait until snapd is fully seeded.
[[0;32m  OK  [0m] Reached target Multi-User System.
[[0;32m  OK  [0m] Reached target Graphical Interface.
         Starting Update UTMP about System Runlevel Changes...
         Starting Apply the settings specified in cloud-config...
[[0;32m  OK  [0m] Started Update UTMP about System Runlevel Changes.
[   20.184929] cloud-init[1310]: Generating locales (this might take a while)...
[[0;32m  OK  [0m] Created slice User Slice of vagrant.
         Starting User Manager for UID 1000...
[[0;32m  OK  [0m] Started Session 1 of user vagrant.
[[0;32m  OK  [0m] Started User Manager for UID 1000.

Ubuntu 16.04.7 LTS ubuntu-xenial ttyS0

ubuntu-xenial login: [   21.915784] cloud-init[1310]:   en_US.UTF-8... done
[   21.918284] cloud-init[1310]: Generation complete.
[   22.634278] cloud-init[1310]: Cloud-init v. 20.4.1-0ubuntu1~16.04.1 running 'modules:config' at Sat, 08 May 2021 04:28:51 +0000. Up 19.98 seconds.
ci-info: no authorized SSH keys fingerprints found for user ubuntu.
<14>May  8 04:28:55 ec2: 
<14>May  8 04:28:55 ec2: #############################################################
<14>May  8 04:28:55 ec2: -----BEGIN SSH HOST KEY FINGERPRINTS-----
<14>May  8 04:28:55 ec2: 1024 SHA256:ikm91i31+44dtewF9+NNGtCrWg594xiV1JujttdEbxc root@ubuntu-xenial (DSA)
<14>May  8 04:28:55 ec2: 256 SHA256:Rv7PQ+A91mdCNUJySAnZ0oE5O+9caoZGMMmhqUAPK5c root@ubuntu-xenial (ECDSA)
<14>May  8 04:28:55 ec2: 256 SHA256:vrUN567z13hQjOlYsxMKFfcDPj52kRTdnjkyybdkn9s root@ubuntu-xenial (ED25519)
<14>May  8 04:28:55 ec2: 2048 SHA256:dxyhfvs2glkm2fd8ReyEoXqa4hCx+MP1lrrfa3mmJhc root@ubuntu-xenial (RSA)
<14>May  8 04:28:55 ec2: -----END SSH HOST KEY FINGERPRINTS-----
<14>May  8 04:28:55 ec2: #############################################################
-----BEGIN SSH HOST KEY KEYS-----
ecdsa-sha2-nistp256 AAAAE2VjZHNhLXNoYTItbmlzdHAyNTYAAAAIbmlzdHAyNTYAAABBBMcJfrHtdvLynLgdN/b/Q+xgZ4TmAuSVn+iImpLmfdzgjPg3C5iiCbBEvK6QZo79CePaRyhzP9ZQeMQK+3gmuro= root@ubuntu-xenial
ssh-ed25519 AAAAC3NzaC1lZDI1NTE5AAAAIK5xOrprpd2WTEsTh5SvJxe4AAXfcUkTyWx8oHsOcw9h root@ubuntu-xenial
ssh-rsa AAAAB3NzaC1yc2EAAAADAQABAAABAQDx4zpveh6eoCzICLUxH2id8oY+5RyEobxnxb43aIQK0Stnpqn9xh94fNN0V1+5YN7OzPBpw+A7aFEj9uy2cwrnuJaAXIdLQj3LoNBsmHRgVFxtr+F9zV4aKwCno7kyC2uaUwBJ9PeJYwqXiguvo2z2JYPfEheKVxZdTKGJcYasioB34w8Mo2Gbj22XJUeNR0c6ncIFZoYRMOKnJ48sq9QmvMItpaN4M1l7Lp48iQkuTvLS6QB56YuarSk22lb/EnkO+Ngad/vnOxXm8vaWjstEbJqdMlUzhWibYcSfgsrX+1x+nhqYtOdqFCAvH67HsqSsizmQq5K7o8xbOlXr7zoH root@ubuntu-xenial
-----END SSH HOST KEY KEYS-----
[   23.719221] cloud-init[1467]: Cloud-init v. 20.4.1-0ubuntu1~16.04.1 running 'modules:final' at Sat, 08 May 2021 04:28:54 +0000. Up 23.34 seconds.
[   23.719546] cloud-init[1467]: ci-info: no authorized SSH keys fingerprints found for user ubuntu.
[   23.720409] cloud-init[1467]: Cloud-init v. 20.4.1-0ubuntu1~16.04.1 finished at Sat, 08 May 2021 04:28:55 +0000. Datasource DataSourceNoCloud [seed=/dev/sdb][dsmode=net].  Up 23.69 seconds
