[    0.000000] Initializing cgroup subsys cpuset
[    0.000000] Initializing cgroup subsys cpu
[    0.000000] Initializing cgroup subsys cpuacct
[    0.000000] Linux version 4.4.0-201-generic (buildd@lgw01-amd64-044) (gcc version 5.4.0 20160609 (Ubuntu 5.4.0-6ubuntu1~16.04.12) ) #233-Ubuntu SMP Thu Jan 14 06:10:28 UTC 2021 (Ubuntu 4.4.0-201.233-generic 4.4.247)
[    0.000000] Command line: BOOT_IMAGE=/boot/vmlinuz-4.4.0-201-generic root=LABEL=cloudimg-rootfs ro console=tty1 console=ttyS0
[    0.000000] KERNEL supported cpus:
[    0.000000]   Intel GenuineIntel
[    0.000000]   AMD AuthenticAMD
[    0.000000]   Centaur CentaurHauls
[    0.000000] x86/fpu: xstate_offset[2]:  576, xstate_sizes[2]:  256
[    0.000000] x86/fpu: Supporting XSAVE feature 0x01: 'x87 floating point registers'
[    0.000000] x86/fpu: Supporting XSAVE feature 0x02: 'SSE registers'
[    0.000000] x86/fpu: Supporting XSAVE feature 0x04: 'AVX registers'
[    0.000000] x86/fpu: Enabled xstate features 0x7, context size is 832 bytes, using 'standard' format.
[    0.000000] e820: BIOS-provided physical RAM map:
[    0.000000] BIOS-e820: [mem 0x0000000000000000-0x000000000009fbff] usable
[    0.000000] BIOS-e820: [mem 0x000000000009fc00-0x000000000009ffff] reserved
[    0.000000] BIOS-e820: [mem 0x00000000000f0000-0x00000000000fffff] reserved
[    0.000000] BIOS-e820: [mem 0x0000000000100000-0x000000003ffeffff] usable
[    0.000000] BIOS-e820: [mem 0x000000003fff0000-0x000000003fffffff] ACPI data
[    0.000000] BIOS-e820: [mem 0x00000000fec00000-0x00000000fec00fff] reserved
[    0.000000] BIOS-e820: [mem 0x00000000fee00000-0x00000000fee00fff] reserved
[    0.000000] BIOS-e820: [mem 0x00000000fffc0000-0x00000000ffffffff] reserved
[    0.000000] NX (Execute Disable) protection: active
[    0.000000] SMBIOS 2.5 present.
[    0.000000] Hypervisor detected: KVM
[    0.000000] e820: last_pfn = 0x3fff0 max_arch_pfn = 0x400000000
[    0.000000] MTRR: Disabled
[    0.000000] x86/PAT: MTRRs disabled, skipping PAT initialization too.
[    0.000000] CPU MTRRs all blank - virtualized system.
[    0.000000] x86/PAT: Configuration [0-7]: WB  WT  UC- UC  WB  WT  UC- UC  
[    0.000000] found SMP MP-table at [mem 0x0009fff0-0x0009ffff] mapped at [ffff88000009fff0]
[    0.000000] Scanning 1 areas for low memory corruption
[    0.000000] RAMDISK: [mem 0x362dc000-0x37165fff]
[    0.000000] ACPI: Early table checksum verification disabled
[    0.000000] ACPI: RSDP 0x00000000000E0000 000024 (v02 VBOX  )
[    0.000000] ACPI: XSDT 0x000000003FFF0030 00003C (v01 VBOX   VBOXXSDT 00000001 ASL  00000061)
[    0.000000] ACPI: FACP 0x000000003FFF00F0 0000F4 (v04 VBOX   VBOXFACP 00000001 ASL  00000061)
[    0.000000] ACPI: DSDT 0x000000003FFF0470 002325 (v02 VBOX   VBOXBIOS 00000002 INTL 20210105)
[    0.000000] ACPI: FACS 0x000000003FFF0200 000040
[    0.000000] ACPI: FACS 0x000000003FFF0200 000040
[    0.000000] ACPI: APIC 0x000000003FFF0240 00005C (v02 VBOX   VBOXAPIC 00000001 ASL  00000061)
[    0.000000] ACPI: SSDT 0x000000003FFF02A0 0001CC (v01 VBOX   VBOXCPUT 00000002 INTL 20210105)
[    0.000000] No NUMA configuration found
[    0.000000] Faking a node at [mem 0x0000000000000000-0x000000003ffeffff]
[    0.000000] NODE_DATA(0) allocated [mem 0x3ffeb000-0x3ffeffff]
[    0.000000] kvm-clock: Using msrs 4b564d01 and 4b564d00
[    0.000000] kvm-clock: cpu 0, msr 0:3ffe3001, primary cpu clock
[    0.000000] kvm-clock: using sched offset of 3179807065 cycles
[    0.000000] clocksource: kvm-clock: mask: 0xffffffffffffffff max_cycles: 0x1cd42e4dffb, max_idle_ns: 881590591483 ns
[    0.000000] Zone ranges:
[    0.000000]   DMA      [mem 0x0000000000001000-0x0000000000ffffff]
[    0.000000]   DMA32    [mem 0x0000000001000000-0x000000003ffeffff]
[    0.000000]   Normal   empty
[    0.000000]   Device   empty
[    0.000000] Movable zone start for each node
[    0.000000] Early memory node ranges
[    0.000000]   node   0: [mem 0x0000000000001000-0x000000000009efff]
[    0.000000]   node   0: [mem 0x0000000000100000-0x000000003ffeffff]
[    0.000000] Initmem setup node 0 [mem 0x0000000000001000-0x000000003ffeffff]
[    0.000000] ACPI: PM-Timer IO Port: 0x4008
[    0.000000] IOAPIC[0]: apic_id 2, version 32, address 0xfec00000, GSI 0-23
[    0.000000] ACPI: INT_SRC_OVR (bus 0 bus_irq 0 global_irq 2 dfl dfl)
[    0.000000] ACPI: INT_SRC_OVR (bus 0 bus_irq 9 global_irq 9 low level)
[    0.000000] Using ACPI (MADT) for SMP configuration information
[    0.000000] smpboot: Allowing 2 CPUs, 0 hotplug CPUs
[    0.000000] PM: Registered nosave memory: [mem 0x00000000-0x00000fff]
[    0.000000] PM: Registered nosave memory: [mem 0x0009f000-0x0009ffff]
[    0.000000] PM: Registered nosave memory: [mem 0x000a0000-0x000effff]
[    0.000000] PM: Registered nosave memory: [mem 0x000f0000-0x000fffff]
[    0.000000] e820: [mem 0x40000000-0xfebfffff] available for PCI devices
[    0.000000] Booting paravirtualized kernel on KVM
[    0.000000] clocksource: refined-jiffies: mask: 0xffffffff max_cycles: 0xffffffff, max_idle_ns: 7645519600211568 ns
[    0.000000] setup_percpu: NR_CPUS:512 nr_cpumask_bits:512 nr_cpu_ids:2 nr_node_ids:1
[    0.000000] PERCPU: Embedded 33 pages/cpu @ffff88003fc00000 s95640 r8192 d31336 u1048576
[    0.000000] Built 1 zonelists in Node order, mobility grouping on.  Total pages: 257912
[    0.000000] Policy zone: DMA32
[    0.000000] Kernel command line: BOOT_IMAGE=/boot/vmlinuz-4.4.0-201-generic root=LABEL=cloudimg-rootfs ro console=tty1 console=ttyS0
[    0.000000] PID hash table entries: 4096 (order: 3, 32768 bytes)
[    0.000000] Memory: 997656K/1048120K available (8641K kernel code, 1337K rwdata, 4044K rodata, 1492K init, 1296K bss, 50464K reserved, 0K cma-reserved)
[    0.000000] SLUB: HWalign=64, Order=0-3, MinObjects=0, CPUs=2, Nodes=1
[    0.000000] Kernel/User page tables isolation: enabled
[    0.000000] Hierarchical RCU implementation.
[    0.000000] 	Build-time adjustment of leaf fanout to 64.
[    0.000000] 	RCU restricting CPUs from NR_CPUS=512 to nr_cpu_ids=2.
[    0.000000] RCU: Adjusting geometry for rcu_fanout_leaf=64, nr_cpu_ids=2
[    0.000000] NR_IRQS:33024 nr_irqs:440 16
[    0.000000] Console: colour VGA+ 80x25
[    0.000000] console [tty1] enabled
[    0.000000] console [ttyS0] enabled
[    0.000000] tsc: Detected 1799.990 MHz processor
[    0.122895] Calibrating delay loop (skipped) preset value.. 3599.98 BogoMIPS (lpj=7199960)
[    0.124537] pid_max: default: 32768 minimum: 301
[    0.125406] ACPI: Core revision 20150930
[    0.127413] ACPI: 2 ACPI AML tables successfully acquired and loaded
[    0.128677] Security Framework initialized
[    0.129523] Yama: becoming mindful.
[    0.131085] AppArmor: AppArmor initialized
[    0.132878] Dentry cache hash table entries: 131072 (order: 8, 1048576 bytes)
[    0.135136] Inode-cache hash table entries: 65536 (order: 7, 524288 bytes)
[    0.136526] Mount-cache hash table entries: 2048 (order: 2, 16384 bytes)
[    0.137702] Mountpoint-cache hash table entries: 2048 (order: 2, 16384 bytes)
[    0.139239] Initializing cgroup subsys io
[    0.140076] Initializing cgroup subsys memory
[    0.140915] Initializing cgroup subsys devices
[    0.141760] Initializing cgroup subsys freezer
[    0.142682] Initializing cgroup subsys net_cls
[    0.143541] Initializing cgroup subsys perf_event
[    0.144645] Initializing cgroup subsys net_prio
[    0.145557] Initializing cgroup subsys hugetlb
[    0.146472] Initializing cgroup subsys pids
[    0.148655] mce: CPU supports 0 MCE banks
[    0.149496] Last level iTLB entries: 4KB 64, 2MB 8, 4MB 8
[    0.150509] Last level dTLB entries: 4KB 64, 2MB 0, 4MB 0, 1GB 4
[    0.151572] Spectre V1 : Mitigation: usercopy/swapgs barriers and __user pointer sanitization
[    0.153172] Spectre V2 : Mitigation: Full generic retpoline
[    0.154208] Spectre V2 : Spectre v2 / SpectreRSB mitigation: Filling RSB on context switch
[    0.155962] Speculative Store Bypass: Vulnerable
[    0.156847] SRBDS: Unknown: Dependent on hypervisor status
[    0.157928] MDS: Vulnerable: Clear CPU buffers attempted, no microcode
[    0.162232] Freeing SMP alternatives memory: 36K
[    0.170135] ftrace: allocating 32361 entries in 127 pages
[    0.238078] smpboot: APIC(0) Converting physical 0 to logical package 0
[    0.239454] smpboot: Max logical packages: 1
[    0.240628] x2apic enabled
[    0.241538] Switched APIC routing to physical x2apic.
[    0.243845] ..TIMER: vector=0x30 apic1=0 pin1=2 apic2=-1 pin2=-1
[    0.353191] smpboot: CPU0: Intel(R) Core(TM) i5-8265U CPU @ 1.60GHz (family: 0x6, model: 0x8e, stepping: 0xb)
[    0.355114] Performance Events: unsupported p6 CPU model 142 no PMU driver, software events only.
[    0.369031] KVM setup paravirtual spinlock
[    0.370723] x86: Booting SMP configuration:
[    0.371523] .... node  #0, CPUs:      #1
[    0.372298] kvm-clock: cpu 1, msr 0:3ffe3041, secondary cpu clock
[    0.374012] mce: CPU supports 0 MCE banks
[    0.376471] x86: Booted up 1 node, 2 CPUs
[    0.377537] smpboot: Total of 2 processors activated (7199.96 BogoMIPS)
[    0.378909] devtmpfs: initialized
[    0.381020] evm: security.selinux
[    0.381615] evm: security.SMACK64
[    0.382311] evm: security.SMACK64EXEC
[    0.382991] evm: security.SMACK64TRANSMUTE
[    0.383793] evm: security.SMACK64MMAP
[    0.384498] evm: security.ima
[    0.385111] evm: security.capability
[    0.386059] clocksource: jiffies: mask: 0xffffffff max_cycles: 0xffffffff, max_idle_ns: 7645041785100000 ns
[    0.387695] futex hash table entries: 512 (order: 3, 32768 bytes)
[    0.389343] pinctrl core: initialized pinctrl subsystem
[    0.390359] RTC time: 16:37:30, date: 05/22/21
[    0.391291] NET: Registered protocol family 16
[    0.402960] cpuidle: using governor ladder
[    0.413634] cpuidle: using governor menu
[    0.414371] PCCT header not found.
[    0.415025] ACPI: bus type PCI registered
[    0.415676] acpiphp: ACPI Hot Plug PCI Controller Driver version: 0.5
[    0.416844] PCI: Using configuration type 1 for base access
[    0.429810] ACPI: Added _OSI(Module Device)
[    0.430756] ACPI: Added _OSI(Processor Device)
[    0.431666] ACPI: Added _OSI(3.0 _SCP Extensions)
[    0.432696] ACPI: Added _OSI(Processor Aggregator Device)
[    0.434778] ACPI: Executed 1 blocks of module-level executable AML code
[    0.439162] ACPI: Interpreter enabled
[    0.440187] ACPI: (supports S0 S5)
[    0.441100] ACPI: Using IOAPIC for interrupt routing
[    0.442516] PCI: Using host bridge windows from ACPI; if necessary, use "pci=nocrs" and report a bug
[    0.449884] ACPI: PCI Root Bridge [PCI0] (domain 0000 [bus 00-ff])
[    0.451452] acpi PNP0A03:00: _OSC: OS supports [ASPM ClockPM Segments MSI]
[    0.453607] acpi PNP0A03:00: _OSC: not requesting OS control; OS requires [ExtendedConfig ASPM ClockPM MSI]
[    0.455972] acpi PNP0A03:00: fail to add MMCONFIG information, can't access extended PCI configuration space under this bridge.
[    0.459356] PCI host bridge to bus 0000:00
[    0.460793] pci_bus 0000:00: root bus resource [io  0x0000-0x0cf7 window]
[    0.462481] pci_bus 0000:00: root bus resource [io  0x0d00-0xffff window]
[    0.464079] pci_bus 0000:00: root bus resource [mem 0x000a0000-0x000bffff window]
[    0.466363] pci_bus 0000:00: root bus resource [mem 0x40000000-0xfdffffff window]
[    0.468415] pci_bus 0000:00: root bus resource [bus 00-ff]
[    0.472089] pci 0000:00:01.1: legacy IDE quirk: reg 0x10: [io  0x01f0-0x01f7]
[    0.473922] pci 0000:00:01.1: legacy IDE quirk: reg 0x14: [io  0x03f6]
[    0.475597] pci 0000:00:01.1: legacy IDE quirk: reg 0x18: [io  0x0170-0x0177]
[    0.492603] pci 0000:00:01.1: legacy IDE quirk: reg 0x1c: [io  0x0376]
[    0.514914] pci 0000:00:07.0: quirk: [io  0x4000-0x403f] claimed by PIIX4 ACPI
[    0.516302] pci 0000:00:07.0: quirk: [io  0x4100-0x410f] claimed by PIIX4 SMB
[    0.532066] ACPI: PCI Interrupt Link [LNKA] (IRQs 5 9 10 *11)
[    0.533854] ACPI: PCI Interrupt Link [LNKB] (IRQs 5 9 *10 11)
[    0.535398] ACPI: PCI Interrupt Link [LNKC] (IRQs 5 *9 10 11)
[    0.537249] ACPI: PCI Interrupt Link [LNKD] (IRQs 5 9 10 *11)
[    0.539167] ACPI: Enabled 2 GPEs in block 00 to 07
[    0.540700] vgaarb: setting as boot device: PCI:0000:00:02.0
[    0.541605] vgaarb: device added: PCI:0000:00:02.0,decodes=io+mem,owns=io+mem,locks=none
[    0.543088] vgaarb: loaded
[    0.543679] vgaarb: bridge control possible 0000:00:02.0
[    0.544956] SCSI subsystem initialized
[    0.546043] ACPI: bus type USB registered
[    0.546916] usbcore: registered new interface driver usbfs
[    0.547955] usbcore: registered new interface driver hub
[    0.548867] usbcore: registered new device driver usb
[    0.550461] PCI: Using ACPI for IRQ routing
[    0.552302] NetLabel: Initializing
[    0.553114] NetLabel:  domain hash size = 128
[    0.553959] NetLabel:  protocols = UNLABELED CIPSOv4
[    0.554964] NetLabel:  unlabeled traffic allowed by default
[    0.556322] amd_nb: Cannot enumerate AMD northbridges
[    0.557506] clocksource: Switched to clocksource kvm-clock
[    0.566654] AppArmor: AppArmor Filesystem Enabled
[    0.567747] pnp: PnP ACPI init
[    0.569444] pnp: PnP ACPI: found 3 devices
[    0.580190] clocksource: acpi_pm: mask: 0xffffff max_cycles: 0xffffff, max_idle_ns: 2085701024 ns
[    0.581708] NET: Registered protocol family 2
[    0.582705] TCP established hash table entries: 8192 (order: 4, 65536 bytes)
[    0.583858] TCP bind hash table entries: 8192 (order: 5, 131072 bytes)
[    0.584991] TCP: Hash tables configured (established 8192 bind 8192)
[    0.586118] UDP hash table entries: 512 (order: 2, 16384 bytes)
[    0.587178] UDP-Lite hash table entries: 512 (order: 2, 16384 bytes)
[    0.588254] NET: Registered protocol family 1
[    0.589051] pci 0000:00:00.0: Limiting direct PCI/PCI transfers
[    0.590191] pci 0000:00:01.0: Activating ISA DMA hang workarounds
[    0.591830] Unpacking initramfs...
[    0.806489] Freeing initrd memory: 14888K
[    0.807439] clocksource: tsc: mask: 0xffffffffffffffff max_cycles: 0x19f22049b0a, max_idle_ns: 440795294996 ns
[    0.809336] platform rtc_cmos: registered platform RTC device (no PNP device found)
[    0.811124] Scanning for low memory corruption every 60 seconds
[    0.812722] audit: initializing netlink subsys (disabled)
[    0.813680] audit: type=2000 audit(1621701455.063:1): initialized
[    0.814899] Initialise system trusted keyring
[    0.815944] HugeTLB registered 2 MB page size, pre-allocated 0 pages
[    0.818409] zbud: loaded
[    0.819357] VFS: Disk quotas dquot_6.6.0
[    0.820152] VFS: Dquot-cache hash table entries: 512 (order 0, 4096 bytes)
[    0.821489] squashfs: version 4.0 (2009/01/31) Phillip Lougher
[    0.823234] fuse init (API version 7.23)
[    0.824516] Key type big_key registered
[    0.825623] Allocating IMA MOK and blacklist keyrings.
[    0.828672] Key type asymmetric registered
[    0.829705] Asymmetric key parser 'x509' registered
[    0.830691] Block layer SCSI generic (bsg) driver version 0.4 loaded (major 249)
[    0.832269] io scheduler noop registered
[    0.833630] io scheduler deadline registered (default)
[    0.834868] io scheduler cfq registered
[    0.835727] pci_hotplug: PCI Hot Plug PCI Core version: 0.5
[    0.836719] pciehp: PCI Express Hot Plug Controller Driver version: 0.4
[    0.838023] ACPI: AC Adapter [AC] (on-line)
[    0.838918] input: Power Button as /devices/LNXSYSTM:00/LNXPWRBN:00/input/input0
[    0.840740] ACPI: Power Button [PWRF]
[    0.841880] input: Sleep Button as /devices/LNXSYSTM:00/LNXSLPBN:00/input/input1
[    0.843365] ACPI: Sleep Button [SLPF]
[    0.844356] GHES: HEST is not enabled!
[    0.846240] ACPI: Battery Slot [BAT0] (battery present)
[    0.847276] Serial: 8250/16550 driver, 32 ports, IRQ sharing enabled
[    0.869114] 00:02: ttyS0 at I/O 0x3f8 (irq = 4, base_baud = 115200) is a 16550A
[    0.874297] Linux agpgart interface v0.103
[    0.878024] loop: module loaded
[    0.880160] scsi host0: ata_piix
[    0.881408] scsi host1: ata_piix
[    0.882446] ata1: PATA max UDMA/33 cmd 0x1f0 ctl 0x3f6 bmdma 0xd000 irq 14
[    0.884068] ata2: PATA max UDMA/33 cmd 0x170 ctl 0x376 bmdma 0xd008 irq 15
[    0.885900] libphy: Fixed MDIO Bus: probed
[    0.887055] tun: Universal TUN/TAP device driver, 1.6
[    0.888308] tun: (C) 1999-2004 Max Krasnyansky <maxk@qualcomm.com>
[    0.890172] PPP generic driver version 2.4.2
[    0.892755] ehci_hcd: USB 2.0 'Enhanced' Host Controller (EHCI) Driver
[    0.894458] ehci-pci: EHCI PCI platform driver
[    0.895747] ehci-platform: EHCI generic platform driver
[    0.897231] ohci_hcd: USB 1.1 'Open' Host Controller (OHCI) Driver
[    0.898863] ohci-pci: OHCI PCI platform driver
[    0.900221] ohci-platform: OHCI generic platform driver
[    0.901613] uhci_hcd: USB Universal Host Controller Interface driver
[    0.903328] i8042: PNP: PS/2 Controller [PNP0303:PS2K,PNP0f03:PS2M] at 0x60,0x64 irq 1,12
[    0.906072] serio: i8042 KBD port at 0x60,0x64 irq 1
[    0.907503] serio: i8042 AUX port at 0x60,0x64 irq 12
[    0.909159] mousedev: PS/2 mouse device common for all mice
[    0.911129] input: AT Translated Set 2 keyboard as /devices/platform/i8042/serio0/input/input2
[    0.913900] rtc_cmos rtc_cmos: rtc core: registered rtc_cmos as rtc0
[    0.915545] rtc_cmos rtc_cmos: alarms up to one day, 114 bytes nvram
[    0.917102] i2c /dev entries driver
[    0.918241] device-mapper: uevent: version 1.0.3
[    0.919597] device-mapper: ioctl: 4.34.0-ioctl (2015-10-28) initialised: dm-devel@redhat.com
[    0.921811] ledtrig-cpu: registered to indicate activity on CPUs
[    0.924184] NET: Registered protocol family 10
[    0.925757] NET: Registered protocol family 17
[    0.926916] Key type dns_resolver registered
[    0.928729] registered taskstats version 1
[    0.929899] Loading compiled-in X.509 certificates
[    0.931525] Loaded X.509 cert 'Build time autogenerated kernel key: 9e5e2330314f2a00b0409bdb338e201244d5149f'
[    0.933366] zswap: loaded using pool lzo/zbud
[    0.936963] Key type trusted registered
[    0.942252] Key type encrypted registered
[    0.943021] AppArmor: AppArmor sha1 policy hashing enabled
[    0.944063] ima: No TPM chip found, activating TPM-bypass!
[    0.944994] ima: Allocated hash algorithm: sha1
[    0.945768] evm: HMAC attrs: 0x1
[    0.946923]   Magic number: 5:924:641
[    0.947681] rtc_cmos rtc_cmos: setting system clock to 2021-05-22 16:37:31 UTC (1621701451)
[    0.949211] BIOS EDD facility v0.16 2004-Jun-25, 0 devices found
[    0.950237] EDD information not available.
[    1.064932] Freeing unused kernel memory: 1492K
[    1.065748] Write protecting the kernel read-only data: 14336k
[    1.066991] Freeing unused kernel memory: 1588K
[    1.067923] Freeing unused kernel memory: 52K
Loading, please wait...
starting version 229
[    1.081735] random: systemd-udevd: uninitialized urandom read (16 bytes read, 3 bits of entropy available)
[    1.082438] random: udevadm: uninitialized urandom read (16 bytes read, 3 bits of entropy available)
[    1.082466] random: udevadm: uninitialized urandom read (16 bytes read, 3 bits of entropy available)
[    1.087047] random: systemd-udevd: uninitialized urandom read (16 bytes read, 3 bits of entropy available)
[    1.088718] random: systemd-udevd: uninitialized urandom read (16 bytes read, 3 bits of entropy available)
[    1.091459] random: udevadm: uninitialized urandom read (16 bytes read, 3 bits of entropy available)
[    1.091521] random: udevadm: uninitialized urandom read (16 bytes read, 3 bits of entropy available)
[    1.091707] random: udevadm: uninitialized urandom read (16 bytes read, 3 bits of entropy available)
[    1.091776] random: udevadm: uninitialized urandom read (16 bytes read, 3 bits of entropy available)
[    1.091841] random: udevadm: uninitialized urandom read (16 bytes read, 3 bits of entropy available)
[    1.148128] e1000: Intel(R) PRO/1000 Network Driver - version 7.3.21-k8-NAPI
[    1.149299] e1000: Copyright (c) 1999-2006 Intel Corporation.
[    1.167843] Fusion MPT base driver 3.04.20
[    1.169030] Copyright (c) 1999-2008 LSI Corporation
[    1.172690] AVX2 version of gcm_enc/dec engaged.
[    1.173789] AES CTR mode by8 optimization enabled
[    1.180274] Fusion MPT SPI Host driver 3.04.20
[    1.375724] input: ImExPS/2 Generic Explorer Mouse as /devices/platform/i8042/serio1/input/input4
[    1.499143] e1000 0000:00:03.0 eth0: (PCI:33MHz:32-bit) 02:0f:4d:7a:2e:0f
[    1.500741] e1000 0000:00:03.0 eth0: Intel(R) PRO/1000 Network Connection
[    2.207054] e1000 0000:00:08.0 eth1: (PCI:33MHz:32-bit) 08:00:27:f0:10:f7
[    2.211073] e1000 0000:00:08.0 eth1: Intel(R) PRO/1000 Network Connection
[    2.217213] mptbase: ioc0: Initiating bringup
[    2.220892] e1000 0000:00:03.0 enp0s3: renamed from eth0
[    2.234176] e1000 0000:00:08.0 enp0s8: renamed from eth1
[    2.286446] ioc0: LSI53C1030 A0: Capabilities={Initiator}
[    2.458024] scsi host2: ioc0: LSI53C1030 A0, FwRev=00000000h, Ports=1, MaxQ=256, IRQ=20
[    2.574873] scsi 2:0:0:0: Direct-Access     VBOX     HARDDISK         1.0  PQ: 0 ANSI: 5
[    2.579960] scsi target2:0:0: Beginning Domain Validation
[    2.593721] scsi target2:0:0: Domain Validation skipping write tests
[    2.597909] scsi target2:0:0: Ending Domain Validation
[    2.603327] scsi target2:0:0: asynchronous
[    2.609588] scsi 2:0:1:0: Direct-Access     VBOX     HARDDISK         1.0  PQ: 0 ANSI: 5
[    2.628845] scsi target2:0:1: Beginning Domain Validation
[    2.631848] scsi target2:0:1: Domain Validation skipping write tests
[    2.632969] scsi target2:0:1: Ending Domain Validation
[    2.634020] scsi target2:0:1: asynchronous
[    2.640317] sd 2:0:0:0: [sda] 83886080 512-byte logical blocks: (42.9 GB/40.0 GiB)
[    2.640484] sd 2:0:0:0: Attached scsi generic sg0 type 0
[    2.641090] sd 2:0:1:0: Attached scsi generic sg1 type 0
[    2.642986] sd 2:0:1:0: [sdb] 20480 512-byte logical blocks: (10.5 MB/10.0 MiB)
[    2.645139] sd 2:0:1:0: [sdb] Write Protect is off
[    2.645283] sd 2:0:0:0: [sda] Write Protect is off
[    2.645441] sd 2:0:0:0: [sda] Incomplete mode parameter data
[    2.645442] sd 2:0:0:0: [sda] Assuming drive cache: write through
[    2.648900] sd 2:0:1:0: [sdb] Incomplete mode parameter data
[    2.649704] sd 2:0:1:0: [sdb] Assuming drive cache: write through
[    2.650762]  sda: sda1
[    2.651910] sd 2:0:0:0: [sda] Attached SCSI disk
[    2.653836] sd 2:0:1:0: [sdb] Attached SCSI disk
Begin: Loading essential drivers ... [    3.973937] md: linear personality registered for level -1
[    3.977781] md: multipath personality registered for level -4
[    3.981728] md: raid0 personality registered for level 0
[    3.987192] md: raid1 personality registered for level 1
[    4.057594] raid6: sse2x1   gen()  7134 MB/s
[    4.125627] raid6: sse2x1   xor()  5509 MB/s
[    4.193632] raid6: sse2x2   gen()  9875 MB/s
[    4.261539] raid6: sse2x2   xor()  6741 MB/s
[    4.329589] raid6: sse2x4   gen() 11623 MB/s
[    4.397548] raid6: sse2x4   xor()  7374 MB/s
[    4.465568] raid6: avx2x1   gen() 16024 MB/s
[    4.533558] raid6: avx2x2   gen() 19301 MB/s
[    4.601579] raid6: avx2x4   gen() 22252 MB/s
[    4.602496] raid6: using algorithm avx2x4 gen() 22252 MB/s
[    4.603430] raid6: using avx2x2 recovery algorithm
[    4.606141] xor: automatically using best checksumming function:
[    4.645825]    avx       : 33109.000 MB/sec
[    4.649160] async_tx: api initialized (async)
[    4.662916] md: raid6 personality registered for level 6
[    4.665652] md: raid5 personality registered for level 5
[    4.667499] md: raid4 personality registered for level 4
[    4.677142] md: raid10 personality registered for level 10
done.
Begin: Running /scripts/init-premount ... done.
Begin: Mounting root file system ... Begin: Running /scripts/local-top ... done.
Begin: Running /scripts/local-premount ... [    4.716354] Btrfs loaded
Scanning for Btrfs filesystems
done.
Warning: fsck not present, so skipping root file system
[    4.745447] EXT4-fs (sda1): mounted filesystem with ordered data mode. Opts: (null)
done.
Begin: Running /scripts/local-bottom ... done.
Begin: Running /scripts/init-bottom ... done.
[    4.822254] systemd[1]: systemd 229 running in system mode. (+PAM +AUDIT +SELINUX +IMA +APPARMOR +SMACK +SYSVINIT +UTMP +LIBCRYPTSETUP +GCRYPT +GNUTLS +ACL +XZ -LZ4 +SECCOMP +BLKID +ELFUTILS +KMOD -IDN)
[    4.824883] systemd[1]: Detected virtualization oracle.
[    4.825813] systemd[1]: Detected architecture x86-64.

Welcome to [1mUbuntu 16.04.7 LTS[0m!

[    4.834051] systemd[1]: Set hostname to <ubuntu>.
[    4.836597] systemd[1]: Initializing machine ID from random generator.
[    4.838894] systemd[1]: Installed transient /etc/machine-id file.
[    4.951354] systemd[1]: Listening on udev Control Socket.
[[0;32m  OK  [0m] Listening on udev Control Socket.
[    4.955455] systemd[1]: Listening on udev Kernel Socket.
[[0;32m  OK  [0m] Listening on udev Kernel Socket.
[    4.957840] systemd[1]: Listening on LVM2 metadata daemon socket.
[[0;32m  OK  [0m] Listening on LVM2 metadata daemon socket.
[    4.960221] systemd[1]: Reached target User and Group Name Lookups.
[[0;32m  OK  [0m] Reached target User and Group Name Lookups.
[    4.963053] systemd[1]: Created slice User and Session Slice.
[[0;32m  OK  [0m] Created slice User and Session Slice.
[    4.965432] systemd[1]: Listening on Syslog Socket.
[[0;32m  OK  [0m] Listening on Syslog Socket.
[    4.967741] systemd[1]: Reached target Encrypted Volumes.
[[0;32m  OK  [0m] Reached target Encrypted Volumes.
[    4.977844] systemd[1]: Reached target Swap.
[[0;32m  OK  [0m] Reached target Swap.
[    4.980111] systemd[1]: Listening on Journal Audit Socket.
[[0;32m  OK  [0m] Listening on Journal Audit Socket.
[    4.984884] systemd[1]: Listening on Journal Socket.
[[0;32m  OK  [0m] Listening on Journal Socket.
[    4.987297] systemd[1]: Listening on /dev/initctl Compatibility Named Pipe.
[[0;32m  OK  [0m] Listening on /dev/initctl Compatibility Named Pipe.
[    4.990928] systemd[1]: Started Forward Password Requests to Wall Directory Watch.
[[0;32m  OK  [0m] Started Forward Password Requests to Wall Directory Watch.
[    4.995850] systemd[1]: Set up automount Arbitrary Executable File Formats File System Automount Point.
[[0;32m  OK  [0m] Set up automount Arbitrary Executab...ats File System Automount Point.
[    5.009989] systemd[1]: Reached target System Time Synchronized.
[[0;32m  OK  [0m] Reached target System Time Synchronized.
[    5.012695] systemd[1]: Listening on Journal Socket (/dev/log).
[[0;32m  OK  [0m] Listening on Journal Socket (/dev/log).
[    5.021889] systemd[1]: Listening on Device-mapper event daemon FIFOs.
[[0;32m  OK  [0m] Listening on Device-mapper event daemon FIFOs.
[    5.024444] systemd[1]: Started Trigger resolvconf update for networkd DNS.
[[0;32m  OK  [0m] Started Trigger resolvconf update for networkd DNS.
[    5.027808] systemd[1]: Listening on LVM2 poll daemon socket.
[[0;32m  OK  [0m] Listening on LVM2 poll daemon socket.
[    5.031167] systemd[1]: Created slice System Slice.
[[0;32m  OK  [0m] Created slice System Slice.
[    5.045795] systemd[1]: Starting Journal Service...
         Starting Journal Service...
[    5.049309] systemd[1]: Mounting Huge Pages File System...
         Mounting Huge Pages File System...
[    5.052079] systemd[1]: Starting Uncomplicated firewall...
         Starting Uncomplicated firewall...
[    5.057362] systemd[1]: Starting Nameserver information manager...
         Starting Nameserver information manager...
[    5.063800] systemd[1]: Mounting Debug File System...
         Mounting Debug File System...
[    5.067026] systemd[1]: Starting Set console keymap...
         Starting Set console keymap...
[    5.072137] systemd[1]: Mounting POSIX Message Queue File System...
         Mounting POSIX Message Queue File System...
[    5.076760] systemd[1]: Starting Remount Root and Kernel File Systems...
         Starting Remount Root and Kernel File Systems...
[    5.081253] EXT4-fs (sda1): re-mounted. Opts: (null)
[    5.082080] systemd[1]: Starting Create list of required static device nodes for the current kernel...
         Starting Create list of required st... nodes for the current kernel...
[    5.086314] systemd[1]: Starting Monitoring of LVM2 mirrors, snapshots etc. using dmeventd or progress polling...
         Starting Monitoring of LVM2 mirrors... dmeventd or progress polling...
[    5.091118] systemd[1]: Created slice system-serial\x2dgetty.slice.
[[0;32m  OK  [0m] Created slice system-serial\x2dgetty.slice.
[    5.094379] systemd[1]: Reached target Slices.
[[0;32m  OK  [0m] Reached target Slices.
[    5.099172] systemd[1]: Starting Load Kernel Modules...
         Starting Load Kernel Modules...
[    5.103834] systemd[1]: Mounted POSIX Message Queue File System.
[[0;32m  OK  [0m] Mounted POSIX Message Queue File System.
[    5.106242] systemd[1]: Mounted Huge Pages File System.
[[0;32m  OK  [0m] Mounted Huge Pages File System.
[    5.108203] systemd[1]: Mounted Debug File System.
[[0;32m  OK  [0m] Mounted Debug File System.
[    5.110565] systemd[1]: Started Journal Service.
[    5.111825] Loading iSCSI transport class v2.0-870.
[[0;32m  OK  [0m] Started Journal Service.
[[0;32m  OK  [0m] Started Uncomplicated firewall.
[[0;32m  OK  [0m] Started Remount Root and Kernel File Systems.
[[0;32m  OK  [0m] Started Create list of required sta...ce nodes for the current kernel.
[    5.122819] iscsi: registered transport (tcp)
[[0;32m  OK  [0m] Started LVM2 metadata daemon.
         Starting Create Static Device Nodes in /dev...
         Starting udev Coldplug all Devices...
         Starting Load/Save Random Seed...
         Starting Flush Journal to Persistent Storage...
[[0;32m  OK  [0m] Started Nameserver information manager.
[[0;32m  OK  [0m] Started Load/Save Random Seed.
[[0;32m  OK  [0m] Started Create Static Device Nodes in /dev.
[    5.158934] systemd-journald[378]: Received request to flush runtime journal from PID 1
         Starting udev Kernel Device Manager...
[[0;32m  OK  [0m] Started Flush Journal to Persistent Storage.
[    5.190964] iscsi: registered transport (iser)
[[0;32m  OK  [0m] Started udev Kernel Device Manager.
[[0;32m  OK  [0m] Started Load Kernel Modules.
         Starting Apply Kernel Variables...
         Mounting FUSE Control File System...
[[0;32m  OK  [0m] Mounted FUSE Control File System.
[[0;32m  OK  [0m] Started udev Coldplug all Devices.
[[0;32m  OK  [0m] Started Set console keymap.
[[0;32m  OK  [0m] Started Dispatch Password Requests to Console Directory Watch.
[[0;32m  OK  [0m] Started Apply Kernel Variables.
[[0;32m  OK  [0m] Started Monitoring of LVM2 mirrors,...ng dmeventd or progress polling.
[[0;32m  OK  [0m] Reached target Local File Systems (Pre).
[[0;32m  OK  [0m] Reached target Local File Systems.
         Starting Initial cloud-init job (pre-networking)...
         Starting LSB: AppArmor initialization...
         Starting Tell Plymouth To Write Out Runtime Data...
         Starting Set console font and keymap...
         Starting Commit a transient machine-id on disk...
         Starting Create Volatile Files and Directories...
[[0;32m  OK  [0m] Started Create Volatile Files and Directories.
         Starting Update UTMP about System Boot/Shutdown...
[[0;32m  OK  [0m] Started Tell Plymouth To Write Out Runtime Data.
[[0;32m  OK  [0m] Started Commit a transient machine-id on disk.
[[0;32m  OK  [0m] Started Update UTMP about System Boot/Shutdown.
[[0;32m  OK  [0m] Found device /dev/ttyS0.
[[0;32m  OK  [0m] Listening on Load/Save RF Kill Switch Status /dev/rfkill Watch.
[[0;32m  OK  [0m] Started Set console font and keymap.
[[0;32m  OK  [0m] Created slice system-getty.slice.
[    7.018439] cloud-init[495]: Cloud-init v. 20.4.1-0ubuntu1~16.04.1 running 'init-local' at Sat, 22 May 2021 16:37:36 +0000. Up 6.26 seconds.
[[0;32m  OK  [0m] Started LSB: AppArmor initialization.
         Starting Load AppArmor profiles managed internally by snapd...
[[0;32m  OK  [0m] Started Load AppArmor profiles managed internally by snapd.
[[0;32m  OK  [0m] Started Initial cloud-init job (pre-networking).
[[0;32m  OK  [0m] Reached target Network (Pre).
         Starting Raise network interfaces...
[[0;32m  OK  [0m] Started Raise network interfaces.
         Starting Initial cloud-init job (metadata service crawler)...
[[0;32m  OK  [0m] Reached target Network.
[    8.533934] cloud-init[967]: Cloud-init v. 20.4.1-0ubuntu1~16.04.1 running 'init' at Sat, 22 May 2021 16:37:38 +0000. Up 7.92 seconds.
[    8.535736] cloud-init[967]: ci-info: ++++++++++++++++++++++++++++++++++++++Net device info++++++++++++++++++++++++++++++++++++++
[    8.537804] cloud-init[967]: ci-info: +--------+-------+---------------------------+---------------+--------+-------------------+
[    8.539638] cloud-init[967]: ci-info: | Device |   Up  |          Address          |      Mask     | Scope  |     Hw-Address    |
[    8.541369] cloud-init[967]: ci-info: +--------+-------+---------------------------+---------------+--------+-------------------+
[    8.543182] cloud-init[967]: ci-info: | enp0s3 |  True |         10.0.2.15         | 255.255.255.0 | global | 02:0f:4d:7a:2e:0f |
[    8.544830] cloud-init[967]: ci-info: | enp0s3 |  True | fe80::f:4dff:fe7a:2e0f/64 |       .       |  link  | 02:0f:4d:7a:2e:0f |
[    8.546731] cloud-init[967]: ci-info: | enp0s8 | False |             .             |       .       |   .    | 08:00:27:f0:10:f7 |
[    8.548537] cloud-init[967]: ci-info: |   lo   |  True |         127.0.0.1         |   255.0.0.0   |  host  |         .         |
[    8.550280] cloud-init[967]: ci-info: |   lo   |  True |          ::1/128          |       .       |  host  |         .         |
[    8.552028] cloud-init[967]: ci-info: +--------+-------+---------------------------+---------------+--------+-------------------+
[    8.555926] cloud-init[967]: ci-info: +++++++++++++++++++++++++++Route IPv4 info++++++++++++++++++++++++++++
[    8.557760] cloud-init[967]: ci-info: +-------+-------------+----------+---------------+-----------+-------+
[    8.559846] cloud-init[967]: ci-info: | Route | Destination | Gateway  |    Genmask    | Interface | Flags |
[    8.561469] cloud-init[967]: ci-info: +-------+-------------+----------+---------------+-----------+-------+
[    8.563128] cloud-init[967]: ci-info: |   0   |   0.0.0.0   | 10.0.2.2 |    0.0.0.0    |   enp0s3  |   UG  |
[    8.564904] cloud-init[967]: ci-info: |   1   |   10.0.2.0  | 0.0.0.0  | 255.255.255.0 |   enp0s3  |   U   |
[    8.566621] cloud-init[967]: ci-info: +-------+-------------+----------+---------------+-----------+-------+
[    8.568655] cloud-init[967]: ci-info: +++++++++++++++++++Route IPv6 info+++++++++++++++++++
[    8.570291] cloud-init[967]: ci-info: +-------+-------------+---------+-----------+-------+
[    8.572047] cloud-init[967]: ci-info: | Route | Destination | Gateway | Interface | Flags |
[    8.573846] cloud-init[967]: ci-info: +-------+-------------+---------+-----------+-------+
[    8.575495] cloud-init[967]: ci-info: |   0   |  fe80::/64  |    ::   |   enp0s3  |   U   |
[    8.577183] cloud-init[967]: ci-info: |   3   |   ff00::/8  |    ::   |   enp0s3  |   U   |
[    8.578766] cloud-init[967]: ci-info: +-------+-------------+---------+-----------+-------+
[    8.580497] cloud-init[967]: Generating public/private rsa key pair.
[    8.581888] cloud-init[967]: Your identification has been saved in /etc/ssh/ssh_host_rsa_key.
[    8.583624] cloud-init[967]: Your public key has been saved in /etc/ssh/ssh_host_rsa_key.pub.
[    8.585489] cloud-init[967]: The key fingerprint is:
[    8.586754] cloud-init[967]: SHA256:NwszdNKiNSEirgDwUoetlbnZDoDQXsspcK0Ow920gNc root@ubuntu-xenial
[    8.588704] cloud-init[967]: The key's randomart image is:
[    8.590165] cloud-init[967]: +---[RSA 2048]----+
[    8.596544] cloud-init[967]: |*o+++o. .        |
[    8.598240] cloud-init[967]: |+===BE . o       |
[    8.599752] cloud-init[967]: |++=B+*. * o      |
[    8.600886] cloud-init[967]: |++=.Bo.+ =       |
[    8.602056] cloud-init[967]: |.+ . o. S o      |
[    8.603298] cloud-init[967]: |  .   .  = o     |
[    8.604538] cloud-init[967]: |          .      |
[    8.605874] cloud-init[967]: |                 |
[    8.607019] cloud-init[967]: |                 |
[    8.608321] cloud-init[967]: +----[SHA256]-----+
[    8.609896] cloud-init[967]: Generating public/private dsa key pair.
[    8.611324] cloud-init[967]: Your identification has been saved in /etc/ssh/ssh_host_dsa_key.
[    8.613204] cloud-init[967]: Your public key has been saved in /etc/ssh/ssh_host_dsa_key.pub.
[    8.614866] cloud-init[967]: The key fingerprint is:
[    8.616023] cloud-init[967]: SHA256:m2IczshogM0fALEUYCmHzqkSG8irrxuC5lzdDewfrUw root@ubuntu-xenial
[    8.617856] cloud-init[967]: The key's randomart image is:
[    8.619078] cloud-init[967]: +---[DSA 1024]----+
[    8.620405] cloud-init[967]: |=*o              |
[    8.621578] cloud-init[967]: |=+.              |
[    8.622707] cloud-init[967]: |B.o              |
[    8.623911] cloud-init[967]: |=B .  .          |
[    8.625347] cloud-init[967]: |+++ . .oS        |
[    8.626693] cloud-init[967]: |=o +.*o.oo.      |
[    8.628061] cloud-init[967]: |*.o.+.*ooE .     |
[    8.629533] cloud-init[967]: |*o.  . .+ o      |
[    8.631071] cloud-init[967]: |o*.      +       |
[    8.632461] cloud-init[967]: +----[SHA256]-----+
[    8.633839] cloud-init[967]: Generating public/private ecdsa key pair.
[    8.635544] cloud-init[967]: Your identification has been saved in /etc/ssh/ssh_host_ecdsa_key.
[    8.637771] cloud-init[967]: Your public key has been saved in /etc/ssh/ssh_host_ecdsa_key.pub.
[    8.640206] cloud-init[967]: The key fingerprint is:
[    8.641888] cloud-init[967]: SHA256:tjEziWsgrtd0AC2zAUhHm4yXc34SDhM+X3LQsTPwXFk root@ubuntu-xenial
[    8.643855] cloud-init[967]: The key's randomart image is:
[    8.645160] cloud-init[967]: +---[ECDSA 256]---+
[    8.646437] cloud-init[967]: |+o.= o....oE     |
[    8.647537] cloud-init[967]: |. X * =.o.       |
[    8.648660] cloud-init[967]: | . ^ + O         |
[    8.649818] cloud-init[967]: |  o @ =.o.       |
[    8.650978] cloud-init[967]: |  . .*..S        |
[    8.656541] cloud-init[967]: | . ...+o *       |
[    8.657705] cloud-init[967]: |  .o .o .        |
[    8.658979] cloud-init[967]: | .. ..           |
[    8.660280] cloud-init[967]: |..               |
[    8.661555] cloud-init[967]: +----[SHA256]-----+
[    8.662872] cloud-init[967]: Generating public/private ed25519 key pair.
[    8.664258] cloud-init[967]: Your identification has been saved in /etc/ssh/ssh_host_ed25519_key.
[    8.666021] cloud-init[967]: Your public key has been saved in /etc/ssh/ssh_host_ed25519_key.pub.
[    8.667869] cloud-init[967]: The key fingerprint is:
[    8.669144] cloud-init[967]: SHA256:kFataiBjvvmftFGTKk1KRlMedNCrfsqRem/9TrVlzNg root@ubuntu-xenial
[    8.670845] cloud-init[967]: The key's randomart image is:
[    8.672085] cloud-init[967]: +--[ED25519 256]--+
[    8.680502] cloud-init[967]: |     .=oo.       |
[    8.681694] cloud-init[967]: |     o =. .      |
[    8.683009] cloud-init[967]: |    o =  o       |
[    8.684268] cloud-init[967]: |  +..o .o.     = |
[    8.685572] cloud-init[967]: | o oo..oS     o E|
[    8.686733] cloud-init[967]: |  .o +++ .   . + |
[    8.687943] cloud-init[967]: |   oooB  .  . .  |
[    8.689261] cloud-init[967]: |  o  =o=o ..     |
[    8.690463] cloud-init[967]: |   .oo*=.  oo    |
[    8.691654] cloud-init[967]: +----[SHA256]-----+
[[0;32m  OK  [0m] Started Initial cloud-init job (metadata service crawler).
[[0;32m  OK  [0m] Reached target Network is Online.
         Starting iSCSI initiator daemon (iscsid)...
[[0;32m  OK  [0m] Reached target Cloud-config availability.
[[0;32m  OK  [0m] Reached target System Initialization.
[[0;32m  OK  [0m] Started ACPI Events Check.
[[0;32m  OK  [0m] Reached target Paths.
[[0;32m  OK  [0m] Listening on UUID daemon activation socket.
[[0;32m  OK  [0m] Started Daily apt download activities.
[[0;32m  OK  [0m] Started Daily Cleanup of Temporary Directories.
         Starting Socket activation for snappy daemon.
[[0;32m  OK  [0m] Listening on D-Bus System Message Bus Socket.
         Starting LXD - unix socket.
[[0;32m  OK  [0m] Started Message of the Day.
[[0;32m  OK  [0m] Started Daily apt upgrade and clean activities.
[[0;32m  OK  [0m] Reached target Timers.
[[0;32m  OK  [0m] Listening on ACPID Listen Socket.
[[0;32m  OK  [0m] Listening on Socket activation for snappy daemon.
[[0;32m  OK  [0m] Listening on LXD - unix socket.
[[0;32m  OK  [0m] Reached target Sockets.
[[0;32m  OK  [0m] Reached target Basic System.
         Starting LSB: Record successful boot for GRUB...
         Starting LXD - container startup/shutdown...
         Starting /etc/rc.local Compatibility...
[[0;32m  OK  [0m] Started Regular background program processing daemon.
[[0;32m  OK  [0m] Started ACPI event daemon.
         Starting Virtualbox guest utils...
[[0;32m  OK  [0m] Started D-Bus System Message Bus.
[[0;32m  OK  [0m] Started FUSE filesystem for LXC.
         Starting Pollinate to seed the pseudo random number generator...
         Starting LSB: MD monitoring daemon...
[[0;32m  OK  [0m] Started Deferred execution scheduler.
         Starting System Logging Service...
         Starting Accounts Service...
         Starting Login Service...
         Starting Snap Daemon...
[[0;32m  OK  [0m] Started iSCSI initiator daemon (iscsid).
[[0;32m  OK  [0m] Started /etc/rc.local Compatibility.
         Starting Login to default iSCSI targets...
[[0;32m  OK  [0m] Started System Logging Service.
[[0;32m  OK  [0m] Started LSB: Record successful boot for GRUB.
[[0;32m  OK  [0m] Started Login Service.
[[0;32m  OK  [0m] Started Unattended Upgrades Shutdown.
[[0;32m  OK  [0m] Started LSB: MD monitoring daemon.
[[0;32m  OK  [0m] Started Login to default iSCSI targets.
[[0;32m  OK  [0m] Reached target Remote File Systems (Pre).
[[0;32m  OK  [0m] Reached target Remote File Systems.
         Starting LSB: daemon to balance interrupts for SMP systems...
         Starting LSB: Set the CPU Frequency Scaling governor to "ondemand"...
         Starting LSB: automatic crash report generation...
         Starting Permit User Sessions...
[[0;32m  OK  [0m] Started Permit User Sessions.
         Starting Terminate Plymouth Boot Screen...
         Starting Hold until boot process finishes up...
[[0;32m  OK  [0m] Started Hold until boot process finishes up.
[[0;32m  OK  [0m] Started Terminate Plymouth Boot Screen.
         Starting Authenticate and Authorize Users to Run Privileged Tasks...
         Starting Set console scheme...
[[0;32m  OK  [0m] Started Getty on tty1.
[[0;32m  OK  [0m] Started Serial Getty on ttyS0.
[[0;32m  OK  [0m] Reached target Login Prompts.
[[0;32m  OK  [0m] Started Set console scheme.
[[0;32m  OK  [0m] Started LXD - container startup/shutdown.
[[0;32m  OK  [0m] Started LSB: Set the CPU Frequency Scaling governor to "ondemand".
[[0;32m  OK  [0m] Started LSB: automatic crash report generation.
[[0;32m  OK  [0m] Started LSB: daemon to balance interrupts for SMP systems.
[[0;32m  OK  [0m] Started Virtualbox guest utils.
[[0;32m  OK  [0m] Started Authenticate and Authorize Users to Run Privileged Tasks.
[[0;32m  OK  [0m] Started Accounts Service.
[[0;32m  OK  [0m] Started Snap Daemon.
         Starting Wait until snapd is fully seeded...
[[0;32m  OK  [0m] Started Pollinate to seed the pseudo random number generator.
         Starting OpenBSD Secure Shell server...
[[0;32m  OK  [0m] Started OpenBSD Secure Shell server.
[[0;32m  OK  [0m] Created slice User Slice of vagrant.
         Starting User Manager for UID 1000...
[[0;32m  OK  [0m] Started Session 1 of user vagrant.
[[0;32m  OK  [0m] Started User Manager for UID 1000.

Ubuntu 16.04.7 LTS ubuntu-xenial ttyS0

ubuntu-xenial login: [   16.230146] cloud-init[1525]: Generating locales (this might take a while)...
[   17.642407] cloud-init[1525]:   en_US.UTF-8... done
[   17.642798] cloud-init[1525]: Generation complete.
[   18.164328] cloud-init[1525]: Cloud-init v. 20.4.1-0ubuntu1~16.04.1 running 'modules:config' at Sat, 22 May 2021 16:37:46 +0000. Up 16.04 seconds.
ci-info: no authorized SSH keys fingerprints found for user ubuntu.
<14>May 22 16:37:49 ec2: 
<14>May 22 16:37:49 ec2: #############################################################
<14>May 22 16:37:49 ec2: -----BEGIN SSH HOST KEY FINGERPRINTS-----
<14>May 22 16:37:49 ec2: 1024 SHA256:m2IczshogM0fALEUYCmHzqkSG8irrxuC5lzdDewfrUw root@ubuntu-xenial (DSA)
<14>May 22 16:37:49 ec2: 256 SHA256:tjEziWsgrtd0AC2zAUhHm4yXc34SDhM+X3LQsTPwXFk root@ubuntu-xenial (ECDSA)
<14>May 22 16:37:49 ec2: 256 SHA256:kFataiBjvvmftFGTKk1KRlMedNCrfsqRem/9TrVlzNg root@ubuntu-xenial (ED25519)
<14>May 22 16:37:49 ec2: 2048 SHA256:NwszdNKiNSEirgDwUoetlbnZDoDQXsspcK0Ow920gNc root@ubuntu-xenial (RSA)
<14>May 22 16:37:49 ec2: -----END SSH HOST KEY FINGERPRINTS-----
<14>May 22 16:37:49 ec2: #############################################################
-----BEGIN SSH HOST KEY KEYS-----
ecdsa-sha2-nistp256 AAAAE2VjZHNhLXNoYTItbmlzdHAyNTYAAAAIbmlzdHAyNTYAAABBBHEvqVmimK1IjeArlQaM9FB5DwrCTWiL4b04BQn5j0QchOPDlr4y7YskDKv+kVW+Fm7gnlk+8tqUTn4EdySDLLo= root@ubuntu-xenial
ssh-ed25519 AAAAC3NzaC1lZDI1NTE5AAAAIC3DpnZaNvuo5n882fT6cuonok+2KdoBr3Pxs1z7xK6S root@ubuntu-xenial
ssh-rsa AAAAB3NzaC1yc2EAAAADAQABAAABAQDe2K/YGTFcowQRlt3SVBRsv216c9P0u4Humfb2o4BHSC1jGVVG6JDVr1GvsZ6P0GQYUgmrRPCr7d4t/9kszpTU3iC5o2HtEP9lgI0ZsajoXz6vf1XtRwyvbtlqHjUW9wEVtXxj4NN3CIutJ84iHWFa+Gkruh9T4c3CGpKJ7x3Qms6i5AAO+5fXKzOIshly+E8t4Q3smB+371BtA6+0AkXYi29xP0dbOObzo3qtA3PRtFZuJXYCuSmjl18NZSA9GO26/yEQ2BumisMrQgrpqbBA0QSIb1Adr2ny/JPgf+paOVOfHiEbI6996Iw8nOSeE7AUo/L6aI7wbX9ETAOojsMT root@ubuntu-xenial
-----END SSH HOST KEY KEYS-----
[   19.146768] cloud-init[1803]: Cloud-init v. 20.4.1-0ubuntu1~16.04.1 running 'modules:final' at Sat, 22 May 2021 16:37:49 +0000. Up 18.81 seconds.
[   19.147618] cloud-init[1803]: ci-info: no authorized SSH keys fingerprints found for user ubuntu.
[   19.148035] cloud-init[1803]: Cloud-init v. 20.4.1-0ubuntu1~16.04.1 finished at Sat, 22 May 2021 16:37:49 +0000. Datasource DataSourceNoCloud [seed=/dev/sdb][dsmode=net].  Up 19.13 seconds
